#
# There is insufficient memory for the Java Runtime Environment to continue.
# Native memory allocation (mmap) failed to map 327155712 bytes for G1 virtual space
# Possible reasons:
#   The system is out of physical RAM or swap space
#   The process is running with CompressedOops enabled, and the Java Heap may be blocking the growth of the native heap
# Possible solutions:
#   Reduce memory load on the system
#   Increase physical memory or swap space
#   Check if swap backing store is full
#   Decrease Java heap size (-Xmx/-Xms)
#   Decrease number of Java threads
#   Decrease Java thread stack sizes (-Xss)
#   Set larger code cache with -XX:ReservedCodeCacheSize=
#   JVM is running with Unscaled Compressed Oops mode in which the Java heap is
#     placed in the first 4GB address space. The Java Heap base address is the
#     maximum limit for the native heap growth. Please use -XX:HeapBaseMinAddress
#     to set the Java Heap base and to place the Java Heap above 4GB virtual address.
# This output file may be truncated or incomplete.
#
#  Out of Memory Error (os_windows.cpp:3769), pid=17340, tid=2560
#
# JRE version: OpenJDK Runtime Environment (17.0.6) (build 17.0.6+0-b2043.56-10027231)
# Java VM: OpenJDK 64-Bit Server VM (17.0.6+0-b2043.56-10027231, mixed mode, tiered, compressed oops, compressed class ptrs, g1 gc, windows-amd64)
# No core dump will be written. Minidumps are not enabled by default on client versions of Windows
#

---------------  S U M M A R Y ------------

Command Line: --add-opens=java.base/java.util=ALL-UNNAMED --add-opens=java.base/java.lang=ALL-UNNAMED --add-opens=java.base/java.lang.invoke=ALL-UNNAMED --add-opens=java.prefs/java.util.prefs=ALL-UNNAMED --add-opens=java.base/java.nio.charset=ALL-UNNAMED --add-opens=java.base/java.net=ALL-UNNAMED --add-opens=java.base/java.util.concurrent.atomic=ALL-UNNAMED -Xmx2048m -Dfile.encoding=UTF-8 -Duser.country=IN -Duser.language=en -Duser.variant org.gradle.launcher.daemon.bootstrap.GradleDaemon 8.0

Host: AMD Ryzen 5 5600H with Radeon Graphics         , 12 cores, 5G,  Windows 11 , 64 bit Build 22621 (10.0.22621.1928)
Time: Fri Aug 25 16:05:03 2023 India Standard Time elapsed time: 46.967946 seconds (0d 0h 0m 46s)

---------------  T H R E A D  ---------------

Current thread (0x000001c4c27013e0):  VMThread "VM Thread" [stack: 0x00000019f5800000,0x00000019f5900000] [id=2560]

Stack: [0x00000019f5800000,0x00000019f5900000]
Native frames: (J=compiled Java code, j=interpreted, Vv=VM code, C=native code)
V  [jvm.dll+0x683c9a]
V  [jvm.dll+0x8427a4]
V  [jvm.dll+0x843f9e]
V  [jvm.dll+0x844603]
V  [jvm.dll+0x249b75]
V  [jvm.dll+0x680b69]
V  [jvm.dll+0x67505a]
V  [jvm.dll+0x309acb]
V  [jvm.dll+0x310f86]
V  [jvm.dll+0x3608ee]
V  [jvm.dll+0x360b1f]
V  [jvm.dll+0x2dfbf8]
V  [jvm.dll+0x2ddec4]
V  [jvm.dll+0x2dd4cc]
V  [jvm.dll+0x321f3b]
V  [jvm.dll+0x848ccb]
V  [jvm.dll+0x849a04]
V  [jvm.dll+0x849f1d]
V  [jvm.dll+0x84a2f4]
V  [jvm.dll+0x84a3c0]
V  [jvm.dll+0x7f274a]
V  [jvm.dll+0x682ad5]
C  [ucrtbase.dll+0x29363]
C  [KERNEL32.DLL+0x126ad]
C  [ntdll.dll+0x5aa68]

VM_Operation (0x00000019f85fdc00): G1CollectForAllocation, mode: safepoint, requested by thread 0x000001c4c74e4740


---------------  P R O C E S S  ---------------

Threads class SMR info:
_java_thread_list=0x000001c4c3de0b70, length=167, elements={
0x000001c4a83dcbd0, 0x000001c4c3012250, 0x000001c4c3012e00, 0x000001c4c271bb30,
0x000001c4c271c6e0, 0x000001c4c271d590, 0x000001c4c271df40, 0x000001c4c3034540,
0x000001c4c3034e40, 0x000001c4c3035740, 0x000001c4c31c4210, 0x000001c4c31c4ae0,
0x000001c4c43b5120, 0x000001c4c4a0a6d0, 0x000001c4c5a6e010, 0x000001c4c4a8aa40,
0x000001c4c48695d0, 0x000001c4c4adbcc0, 0x000001c4c58c64d0, 0x000001c4c58ac5e0,
0x000001c4c58acab0, 0x000001c4c58ae2c0, 0x000001c4c58ac110, 0x000001c4c58af130,
0x000001c4c58ae790, 0x000001c4c58acf80, 0x000001c4c58ad450, 0x000001c4c58abc40,
0x000001c4c58aec60, 0x000001c4c58ad920, 0x000001c4c58addf0, 0x000001c4c58af600,
0x000001c4c74ddd60, 0x000001c4c74e4740, 0x000001c4c74e38d0, 0x000001c4c74e08b0,
0x000001c4c74e3da0, 0x000001c4c74e0d80, 0x000001c4c74e1250, 0x000001c4c74e2f30,
0x000001c4c74dd3c0, 0x000001c4c74e1720, 0x000001c4c74de700, 0x000001c4c74e1bf0,
0x000001c4c74debd0, 0x000001c4c74e2590, 0x000001c4c74e4270, 0x000001c4c74dff10,
0x000001c4c74dd890, 0x000001c4c74de230, 0x000001c4c74e2a60, 0x000001c4c74e4c10,
0x000001c4c74e3400, 0x000001c4c74dfa40, 0x000001c4c74e03e0, 0x000001c4c9873400,
0x000001c4c9872590, 0x000001c4c9870d80, 0x000001c4c98708b0, 0x000001c4c9871bf0,
0x000001c4c9871720, 0x000001c4c9871250, 0x000001c4c98720c0, 0x000001c4c9872a60,
0x000001c4c98703e0, 0x000001c4c9872f30, 0x000001c4c98738d0, 0x000001c4c9873da0,
0x000001c4c65de250, 0x000001c4c65d9080, 0x000001c4c65db230, 0x000001c4c65dc570,
0x000001c4c65dad60, 0x000001c4c65db700, 0x000001c4c65d9ef0, 0x000001c4c65e08d0,
0x000001c4c65dd3e0, 0x000001c4c65ddd80, 0x000001c4c65da3c0, 0x000001c4c65e0400,
0x000001c4c65d9a20, 0x000001c4c65dbbd0, 0x000001c4c65dca40, 0x000001c4c65debf0,
0x000001c4c65dcf10, 0x000001c4c65dd8b0, 0x000001c4c65de720, 0x000001c4c65df590,
0x000001c4c65df0c0, 0x000001c4c65dfa60, 0x000001c4c65dff30, 0x000001c4c65d9550,
0x000001c4c33d40b0, 0x000001c4c33d23d0, 0x000001c4c33cc860, 0x000001c4c33cf3b0,
0x000001c4c33d28a0, 0x000001c4c33d2d70, 0x000001c4c33ccd30, 0x000001c4c33d1560,
0x000001c4c33d3240, 0x000001c4c33cd200, 0x000001c4c33cd6d0, 0x000001c4c33d3be0,
0x000001c4c33cdba0, 0x000001c4c33d0220, 0x000001c4c33d06f0, 0x000001c4c33cfd50,
0x000001c4c33ce070, 0x000001c4c33d3710, 0x000001c4c33d0bc0, 0x000001c4c33ce540,
0x000001c4c33cea10, 0x000001c4c33d1090, 0x000001c4c33ceee0, 0x000001c4c33d1f00,
0x000001c4c33cf880, 0x000001c4c33d1a30, 0x000001c4c3eca8e0, 0x000001c4c3ec8260,
0x000001c4c3ec73f0, 0x000001c4c3ec9a70, 0x000001c4c3ecca90, 0x000001c4c3ecbc20,
0x000001c4c3ecc0f0, 0x000001c4c3ec7d90, 0x000001c4c3ec9f40, 0x000001c4c3ecc5c0,
0x000001c4c3ec78c0, 0x000001c4c3ec8730, 0x000001c4c3ec8c00, 0x000001c4c3ecd430,
0x000001c4c3eccf60, 0x000001c4c3ec5be0, 0x000001c4c3ec60b0, 0x000001c4c3ec6580,
0x000001c4c3ecadb0, 0x000001c4c3ec6a50, 0x000001c4c3ec90d0, 0x000001c4c3eca410,
0x000001c4c3ec95a0, 0x000001c4c3ec6f20, 0x000001c4c3ecb280, 0x000001c4c3ecb750,
0x000001c4c5da3e20, 0x000001c4c5da1c70, 0x000001c4c5da5160, 0x000001c4c5da5b00,
0x000001c4c5da64a0, 0x000001c4c5da77e0, 0x000001c4c5da8650, 0x000001c4c5da42f0,
0x000001c4c5da2140, 0x000001c4c5da8ff0, 0x000001c4c5da2fb0, 0x000001c4c5da8b20,
0x000001c4c5da2610, 0x000001c4c5da47c0, 0x000001c4c5da7cb0, 0x000001c4c5da6e40,
0x000001c4c5da6970, 0x000001c4c5da5fd0, 0x000001c4c5da7310, 0x000001c4c5da3950,
0x000001c4c5da3480, 0x000001c4c5da8180, 0x000001c4c5da4c90
}

Java Threads: ( => current thread )
  0x000001c4a83dcbd0 JavaThread "main" [_thread_blocked, id=13152, stack(0x00000019f5200000,0x00000019f5300000)]
  0x000001c4c3012250 JavaThread "Reference Handler" daemon [_thread_blocked, id=26012, stack(0x00000019f5900000,0x00000019f5a00000)]
  0x000001c4c3012e00 JavaThread "Finalizer" daemon [_thread_blocked, id=7376, stack(0x00000019f5a00000,0x00000019f5b00000)]
  0x000001c4c271bb30 JavaThread "Signal Dispatcher" daemon [_thread_blocked, id=27300, stack(0x00000019f5b00000,0x00000019f5c00000)]
  0x000001c4c271c6e0 JavaThread "Attach Listener" daemon [_thread_blocked, id=3840, stack(0x00000019f5c00000,0x00000019f5d00000)]
  0x000001c4c271d590 JavaThread "Service Thread" daemon [_thread_blocked, id=20936, stack(0x00000019f5d00000,0x00000019f5e00000)]
  0x000001c4c271df40 JavaThread "Monitor Deflation Thread" daemon [_thread_blocked, id=27428, stack(0x00000019f5e00000,0x00000019f5f00000)]
  0x000001c4c3034540 JavaThread "C2 CompilerThread0" daemon [_thread_in_native, id=30444, stack(0x00000019f5f00000,0x00000019f6000000)]
  0x000001c4c3034e40 JavaThread "C1 CompilerThread0" daemon [_thread_blocked, id=26412, stack(0x00000019f6000000,0x00000019f6100000)]
  0x000001c4c3035740 JavaThread "Sweeper thread" daemon [_thread_blocked, id=18252, stack(0x00000019f6100000,0x00000019f6200000)]
  0x000001c4c31c4210 JavaThread "Common-Cleaner" daemon [_thread_blocked, id=27024, stack(0x00000019f6200000,0x00000019f6300000)]
  0x000001c4c31c4ae0 JavaThread "Notification Thread" daemon [_thread_blocked, id=6672, stack(0x00000019f6300000,0x00000019f6400000)]
  0x000001c4c43b5120 JavaThread "Daemon health stats" [_thread_blocked, id=10632, stack(0x00000019f6900000,0x00000019f6a00000)]
  0x000001c4c4a0a6d0 JavaThread "Incoming local TCP Connector on port 62376" [_thread_in_native, id=13224, stack(0x00000019f6a00000,0x00000019f6b00000)]
  0x000001c4c5a6e010 JavaThread "Daemon periodic checks" [_thread_blocked, id=28780, stack(0x00000019f6b00000,0x00000019f6c00000)]
  0x000001c4c4a8aa40 JavaThread "Daemon" [_thread_blocked, id=15740, stack(0x00000019f6c00000,0x00000019f6d00000)]
  0x000001c4c48695d0 JavaThread "Handler for socket connection from /127.0.0.1:62376 to /127.0.0.1:62377" [_thread_in_native, id=14284, stack(0x00000019f6d00000,0x00000019f6e00000)]
  0x000001c4c4adbcc0 JavaThread "Cancel handler" [_thread_blocked, id=10436, stack(0x00000019f6e00000,0x00000019f6f00000)]
  0x000001c4c58c64d0 JavaThread "Daemon worker" [_thread_blocked, id=30252, stack(0x00000019f6f00000,0x00000019f7000000)]
  0x000001c4c58ac5e0 JavaThread "Asynchronous log dispatcher for DefaultDaemonConnection: socket connection from /127.0.0.1:62376 to /127.0.0.1:62377" [_thread_blocked, id=22348, stack(0x00000019f7000000,0x00000019f7100000)]
  0x000001c4c58acab0 JavaThread "Stdin handler" [_thread_blocked, id=22064, stack(0x00000019f7100000,0x00000019f7200000)]
  0x000001c4c58ae2c0 JavaThread "Daemon client event forwarder" [_thread_blocked, id=8052, stack(0x00000019f7200000,0x00000019f7300000)]
  0x000001c4c58ac110 JavaThread "Cache worker for journal cache (C:\Users\tajba\.gradle\caches\journal-1)" [_thread_blocked, id=28812, stack(0x00000019f7a00000,0x00000019f7b00000)]
  0x000001c4c58af130 JavaThread "File lock request listener" [_thread_in_native, id=12832, stack(0x00000019f7b00000,0x00000019f7c00000)]
  0x000001c4c58ae790 JavaThread "Cache worker for file hash cache (C:\Users\tajba\.gradle\caches\8.0\fileHashes)" [_thread_blocked, id=8876, stack(0x00000019f7c00000,0x00000019f7d00000)]
  0x000001c4c58acf80 JavaThread "File watcher server" daemon [_thread_in_native, id=26200, stack(0x00000019f7d00000,0x00000019f7e00000)]
  0x000001c4c58ad450 JavaThread "File watcher consumer" daemon [_thread_blocked, id=30164, stack(0x00000019f7e00000,0x00000019f7f00000)]
  0x000001c4c58abc40 JavaThread "jar transforms" [_thread_blocked, id=17000, stack(0x00000019f7f00000,0x00000019f8000000)]
  0x000001c4c58aec60 JavaThread "jar transforms Thread 2" [_thread_blocked, id=9068, stack(0x00000019f8000000,0x00000019f8100000)]
  0x000001c4c58ad920 JavaThread "jar transforms Thread 3" [_thread_blocked, id=30508, stack(0x00000019f8100000,0x00000019f8200000)]
  0x000001c4c58addf0 JavaThread "jar transforms Thread 4" [_thread_blocked, id=24116, stack(0x00000019f8200000,0x00000019f8300000)]
  0x000001c4c58af600 JavaThread "jar transforms Thread 5" [_thread_blocked, id=20568, stack(0x00000019f8300000,0x00000019f8400000)]
  0x000001c4c74ddd60 JavaThread "jar transforms Thread 6" [_thread_blocked, id=8628, stack(0x00000019f8400000,0x00000019f8500000)]
  0x000001c4c74e4740 JavaThread "jar transforms Thread 7" [_thread_blocked, id=12204, stack(0x00000019f8500000,0x00000019f8600000)]
  0x000001c4c74e38d0 JavaThread "jar transforms Thread 8" [_thread_blocked, id=28196, stack(0x00000019f8600000,0x00000019f8700000)]
  0x000001c4c74e08b0 JavaThread "jar transforms Thread 9" [_thread_blocked, id=13984, stack(0x00000019f8700000,0x00000019f8800000)]
  0x000001c4c74e3da0 JavaThread "jar transforms Thread 10" [_thread_blocked, id=30008, stack(0x00000019f8800000,0x00000019f8900000)]
  0x000001c4c74e0d80 JavaThread "jar transforms Thread 11" [_thread_blocked, id=23612, stack(0x00000019f8900000,0x00000019f8a00000)]
  0x000001c4c74e1250 JavaThread "jar transforms Thread 12" [_thread_blocked, id=29116, stack(0x00000019f8a00000,0x00000019f8b00000)]
  0x000001c4c74e2f30 JavaThread "Cache worker for checksums cache (C:\Users\tajba\MentorsApp\.gradle\8.0\checksums)" [_thread_blocked, id=29508, stack(0x00000019f8b00000,0x00000019f8c00000)]
  0x000001c4c74dd3c0 JavaThread "Cache worker for cache directory md-rule (C:\Users\tajba\.gradle\caches\8.0\md-rule)" [_thread_blocked, id=29872, stack(0x00000019f8c00000,0x00000019f8d00000)]
  0x000001c4c74e1720 JavaThread "Cache worker for file content cache (C:\Users\tajba\.gradle\caches\8.0\fileContent)" [_thread_blocked, id=29924, stack(0x00000019f8d00000,0x00000019f8e00000)]
  0x000001c4c74de700 JavaThread "Cache worker for file hash cache (C:\Users\tajba\MentorsApp\.gradle\8.0\fileHashes)" [_thread_blocked, id=1668, stack(0x00000019f8e00000,0x00000019f8f00000)]
  0x000001c4c74e1bf0 JavaThread "Cache worker for cache directory md-supplier (C:\Users\tajba\.gradle\caches\8.0\md-supplier)" [_thread_blocked, id=15808, stack(0x00000019f8f00000,0x00000019f9000000)]
  0x000001c4c74debd0 JavaThread "Cache worker for execution history cache (C:\Users\tajba\.gradle\caches\8.0\executionHistory)" [_thread_blocked, id=25628, stack(0x00000019f9000000,0x00000019f9100000)]
  0x000001c4c74e2590 JavaThread "Cache worker for dependencies-accessors (C:\Users\tajba\MentorsApp\.gradle\8.0\dependencies-accessors)" [_thread_blocked, id=23016, stack(0x00000019f9100000,0x00000019f9200000)]
  0x000001c4c74e4270 JavaThread "Cache worker for Build Output Cleanup Cache (C:\Users\tajba\MentorsApp\.gradle\buildOutputCleanup)" [_thread_blocked, id=2364, stack(0x00000019f9300000,0x00000019f9400000)]
  0x000001c4c74dff10 JavaThread "Unconstrained build operations" [_thread_blocked, id=19424, stack(0x00000019f9400000,0x00000019f9500000)]
  0x000001c4c74dd890 JavaThread "Unconstrained build operations Thread 2" [_thread_blocked, id=19252, stack(0x00000019f9500000,0x00000019f9600000)]
  0x000001c4c74de230 JavaThread "Unconstrained build operations Thread 3" [_thread_blocked, id=17824, stack(0x00000019f9600000,0x00000019f9700000)]
  0x000001c4c74e2a60 JavaThread "Unconstrained build operations Thread 4" [_thread_blocked, id=15076, stack(0x00000019f9700000,0x00000019f9800000)]
  0x000001c4c74e4c10 JavaThread "Unconstrained build operations Thread 5" [_thread_blocked, id=20744, stack(0x00000019f9800000,0x00000019f9900000)]
  0x000001c4c74e3400 JavaThread "Unconstrained build operations Thread 6" [_thread_blocked, id=29032, stack(0x00000019f9900000,0x00000019f9a00000)]
  0x000001c4c74dfa40 JavaThread "Unconstrained build operations Thread 7" [_thread_blocked, id=16272, stack(0x00000019f9a00000,0x00000019f9b00000)]
  0x000001c4c74e03e0 JavaThread "Unconstrained build operations Thread 8" [_thread_blocked, id=14520, stack(0x00000019f9b00000,0x00000019f9c00000)]
  0x000001c4c9873400 JavaThread "Unconstrained build operations Thread 9" [_thread_blocked, id=16752, stack(0x00000019f9c00000,0x00000019f9d00000)]
  0x000001c4c9872590 JavaThread "Unconstrained build operations Thread 10" [_thread_blocked, id=29528, stack(0x00000019f9d00000,0x00000019f9e00000)]
  0x000001c4c9870d80 JavaThread "Unconstrained build operations Thread 11" [_thread_blocked, id=8112, stack(0x00000019f9e00000,0x00000019f9f00000)]
  0x000001c4c98708b0 JavaThread "Unconstrained build operations Thread 12" [_thread_blocked, id=28132, stack(0x00000019f9f00000,0x00000019fa000000)]
  0x000001c4c9871bf0 JavaThread "Unconstrained build operations Thread 13" [_thread_blocked, id=28220, stack(0x00000019fa000000,0x00000019fa100000)]
  0x000001c4c9871720 JavaThread "Unconstrained build operations Thread 14" [_thread_blocked, id=16680, stack(0x00000019fa100000,0x00000019fa200000)]
  0x000001c4c9871250 JavaThread "Unconstrained build operations Thread 15" [_thread_blocked, id=10672, stack(0x00000019fa200000,0x00000019fa300000)]
  0x000001c4c98720c0 JavaThread "Unconstrained build operations Thread 16" [_thread_blocked, id=24600, stack(0x00000019fa300000,0x00000019fa400000)]
  0x000001c4c9872a60 JavaThread "Unconstrained build operations Thread 17" [_thread_blocked, id=21436, stack(0x00000019fa400000,0x00000019fa500000)]
  0x000001c4c98703e0 JavaThread "Unconstrained build operations Thread 18" [_thread_blocked, id=9696, stack(0x00000019fa500000,0x00000019fa600000)]
  0x000001c4c9872f30 JavaThread "Unconstrained build operations Thread 19" [_thread_blocked, id=17488, stack(0x00000019fa600000,0x00000019fa700000)]
  0x000001c4c98738d0 JavaThread "Unconstrained build operations Thread 20" [_thread_blocked, id=8040, stack(0x00000019fa700000,0x00000019fa800000)]
  0x000001c4c9873da0 JavaThread "Unconstrained build operations Thread 21" [_thread_blocked, id=14428, stack(0x00000019fa800000,0x00000019fa900000)]
  0x000001c4c65de250 JavaThread "Unconstrained build operations Thread 22" [_thread_blocked, id=4644, stack(0x00000019fa900000,0x00000019faa00000)]
  0x000001c4c65d9080 JavaThread "Unconstrained build operations Thread 23" [_thread_blocked, id=29088, stack(0x00000019faa00000,0x00000019fab00000)]
  0x000001c4c65db230 JavaThread "Unconstrained build operations Thread 24" [_thread_blocked, id=16788, stack(0x00000019fab00000,0x00000019fac00000)]
  0x000001c4c65dc570 JavaThread "Unconstrained build operations Thread 25" [_thread_blocked, id=20332, stack(0x00000019fac00000,0x00000019fad00000)]
  0x000001c4c65dad60 JavaThread "Unconstrained build operations Thread 26" [_thread_blocked, id=11480, stack(0x00000019fad00000,0x00000019fae00000)]
  0x000001c4c65db700 JavaThread "Unconstrained build operations Thread 27" [_thread_blocked, id=5876, stack(0x00000019fae00000,0x00000019faf00000)]
  0x000001c4c65d9ef0 JavaThread "Unconstrained build operations Thread 28" [_thread_blocked, id=13252, stack(0x00000019faf00000,0x00000019fb000000)]
  0x000001c4c65e08d0 JavaThread "Unconstrained build operations Thread 29" [_thread_blocked, id=11628, stack(0x00000019fb000000,0x00000019fb100000)]
  0x000001c4c65dd3e0 JavaThread "Unconstrained build operations Thread 30" [_thread_blocked, id=18140, stack(0x00000019fb100000,0x00000019fb200000)]
  0x000001c4c65ddd80 JavaThread "Unconstrained build operations Thread 31" [_thread_blocked, id=12884, stack(0x00000019fb200000,0x00000019fb300000)]
  0x000001c4c65da3c0 JavaThread "Unconstrained build operations Thread 32" [_thread_blocked, id=3348, stack(0x00000019fb300000,0x00000019fb400000)]
  0x000001c4c65e0400 JavaThread "Unconstrained build operations Thread 33" [_thread_blocked, id=20764, stack(0x00000019fb400000,0x00000019fb500000)]
  0x000001c4c65d9a20 JavaThread "Unconstrained build operations Thread 34" [_thread_blocked, id=26476, stack(0x00000019fb500000,0x00000019fb600000)]
  0x000001c4c65dbbd0 JavaThread "Unconstrained build operations Thread 35" [_thread_blocked, id=3448, stack(0x00000019fb600000,0x00000019fb700000)]
  0x000001c4c65dca40 JavaThread "Unconstrained build operations Thread 36" [_thread_blocked, id=23260, stack(0x00000019fb700000,0x00000019fb800000)]
  0x000001c4c65debf0 JavaThread "Unconstrained build operations Thread 37" [_thread_blocked, id=26240, stack(0x00000019fb800000,0x00000019fb900000)]
  0x000001c4c65dcf10 JavaThread "Unconstrained build operations Thread 38" [_thread_blocked, id=29748, stack(0x00000019fb900000,0x00000019fba00000)]
  0x000001c4c65dd8b0 JavaThread "Unconstrained build operations Thread 39" [_thread_blocked, id=14772, stack(0x00000019fba00000,0x00000019fbb00000)]
  0x000001c4c65de720 JavaThread "Unconstrained build operations Thread 40" [_thread_blocked, id=27240, stack(0x00000019fbb00000,0x00000019fbc00000)]
  0x000001c4c65df590 JavaThread "Unconstrained build operations Thread 41" [_thread_blocked, id=13824, stack(0x00000019fbc00000,0x00000019fbd00000)]
  0x000001c4c65df0c0 JavaThread "Unconstrained build operations Thread 42" [_thread_blocked, id=25456, stack(0x00000019fbd00000,0x00000019fbe00000)]
  0x000001c4c65dfa60 JavaThread "Unconstrained build operations Thread 43" [_thread_blocked, id=24404, stack(0x00000019fbe00000,0x00000019fbf00000)]
  0x000001c4c65dff30 JavaThread "Unconstrained build operations Thread 44" [_thread_blocked, id=24852, stack(0x00000019fbf00000,0x00000019fc000000)]
  0x000001c4c65d9550 JavaThread "Unconstrained build operations Thread 45" [_thread_blocked, id=20560, stack(0x00000019fc000000,0x00000019fc100000)]
  0x000001c4c33d40b0 JavaThread "Unconstrained build operations Thread 46" [_thread_blocked, id=19380, stack(0x00000019fc100000,0x00000019fc200000)]
  0x000001c4c33d23d0 JavaThread "Unconstrained build operations Thread 47" [_thread_blocked, id=23980, stack(0x00000019fc200000,0x00000019fc300000)]
  0x000001c4c33cc860 JavaThread "Unconstrained build operations Thread 48" [_thread_blocked, id=1988, stack(0x00000019fc300000,0x00000019fc400000)]
  0x000001c4c33cf3b0 JavaThread "Unconstrained build operations Thread 49" [_thread_blocked, id=26524, stack(0x00000019fc400000,0x00000019fc500000)]
  0x000001c4c33d28a0 JavaThread "Unconstrained build operations Thread 50" [_thread_blocked, id=14680, stack(0x00000019fc500000,0x00000019fc600000)]
  0x000001c4c33d2d70 JavaThread "Unconstrained build operations Thread 51" [_thread_blocked, id=21628, stack(0x00000019fc600000,0x00000019fc700000)]
  0x000001c4c33ccd30 JavaThread "Unconstrained build operations Thread 52" [_thread_blocked, id=3864, stack(0x00000019fc700000,0x00000019fc800000)]
  0x000001c4c33d1560 JavaThread "Unconstrained build operations Thread 53" [_thread_blocked, id=7924, stack(0x00000019fc800000,0x00000019fc900000)]
  0x000001c4c33d3240 JavaThread "Unconstrained build operations Thread 54" [_thread_blocked, id=21032, stack(0x00000019fc900000,0x00000019fca00000)]
  0x000001c4c33cd200 JavaThread "Unconstrained build operations Thread 55" [_thread_blocked, id=20336, stack(0x00000019fca00000,0x00000019fcb00000)]
  0x000001c4c33cd6d0 JavaThread "Unconstrained build operations Thread 56" [_thread_blocked, id=27224, stack(0x00000019fcb00000,0x00000019fcc00000)]
  0x000001c4c33d3be0 JavaThread "Unconstrained build operations Thread 57" [_thread_blocked, id=30236, stack(0x00000019fcc00000,0x00000019fcd00000)]
  0x000001c4c33cdba0 JavaThread "Unconstrained build operations Thread 58" [_thread_blocked, id=19120, stack(0x00000019fcd00000,0x00000019fce00000)]
  0x000001c4c33d0220 JavaThread "Unconstrained build operations Thread 59" [_thread_blocked, id=12580, stack(0x00000019fce00000,0x00000019fcf00000)]
  0x000001c4c33d06f0 JavaThread "Unconstrained build operations Thread 60" [_thread_blocked, id=2840, stack(0x00000019fcf00000,0x00000019fd000000)]
  0x000001c4c33cfd50 JavaThread "Unconstrained build operations Thread 61" [_thread_blocked, id=16156, stack(0x00000019fd000000,0x00000019fd100000)]
  0x000001c4c33ce070 JavaThread "Unconstrained build operations Thread 62" [_thread_blocked, id=13452, stack(0x00000019fd100000,0x00000019fd200000)]
  0x000001c4c33d3710 JavaThread "Unconstrained build operations Thread 63" [_thread_blocked, id=21656, stack(0x00000019fd200000,0x00000019fd300000)]
  0x000001c4c33d0bc0 JavaThread "Unconstrained build operations Thread 64" [_thread_blocked, id=23500, stack(0x00000019fd300000,0x00000019fd400000)]
  0x000001c4c33ce540 JavaThread "Unconstrained build operations Thread 65" [_thread_blocked, id=29636, stack(0x00000019fd400000,0x00000019fd500000)]
  0x000001c4c33cea10 JavaThread "Unconstrained build operations Thread 66" [_thread_blocked, id=19584, stack(0x00000019fd500000,0x00000019fd600000)]
  0x000001c4c33d1090 JavaThread "Unconstrained build operations Thread 67" [_thread_blocked, id=10140, stack(0x00000019fd600000,0x00000019fd700000)]
  0x000001c4c33ceee0 JavaThread "Unconstrained build operations Thread 68" [_thread_blocked, id=14476, stack(0x00000019fd700000,0x00000019fd800000)]
  0x000001c4c33d1f00 JavaThread "Unconstrained build operations Thread 69" [_thread_blocked, id=11152, stack(0x00000019fd800000,0x00000019fd900000)]
  0x000001c4c33cf880 JavaThread "Unconstrained build operations Thread 70" [_thread_blocked, id=28440, stack(0x00000019fd900000,0x00000019fda00000)]
  0x000001c4c33d1a30 JavaThread "Unconstrained build operations Thread 71" [_thread_blocked, id=29816, stack(0x00000019fda00000,0x00000019fdb00000)]
  0x000001c4c3eca8e0 JavaThread "Unconstrained build operations Thread 72" [_thread_blocked, id=14424, stack(0x00000019fdb00000,0x00000019fdc00000)]
  0x000001c4c3ec8260 JavaThread "Unconstrained build operations Thread 73" [_thread_blocked, id=27804, stack(0x00000019fdc00000,0x00000019fdd00000)]
  0x000001c4c3ec73f0 JavaThread "Unconstrained build operations Thread 74" [_thread_blocked, id=920, stack(0x00000019fdd00000,0x00000019fde00000)]
  0x000001c4c3ec9a70 JavaThread "Unconstrained build operations Thread 75" [_thread_blocked, id=22168, stack(0x00000019fde00000,0x00000019fdf00000)]
  0x000001c4c3ecca90 JavaThread "Unconstrained build operations Thread 76" [_thread_blocked, id=27720, stack(0x00000019fdf00000,0x00000019fe000000)]
  0x000001c4c3ecbc20 JavaThread "Unconstrained build operations Thread 77" [_thread_blocked, id=6876, stack(0x00000019fe000000,0x00000019fe100000)]
  0x000001c4c3ecc0f0 JavaThread "Unconstrained build operations Thread 78" [_thread_blocked, id=4772, stack(0x00000019fe100000,0x00000019fe200000)]
  0x000001c4c3ec7d90 JavaThread "Unconstrained build operations Thread 79" [_thread_blocked, id=26608, stack(0x00000019fe200000,0x00000019fe300000)]
  0x000001c4c3ec9f40 JavaThread "Unconstrained build operations Thread 80" [_thread_blocked, id=28004, stack(0x00000019fe300000,0x00000019fe400000)]
  0x000001c4c3ecc5c0 JavaThread "Unconstrained build operations Thread 81" [_thread_blocked, id=28340, stack(0x00000019fe400000,0x00000019fe500000)]
  0x000001c4c3ec78c0 JavaThread "Unconstrained build operations Thread 82" [_thread_blocked, id=17544, stack(0x00000019fe500000,0x00000019fe600000)]
  0x000001c4c3ec8730 JavaThread "Unconstrained build operations Thread 83" [_thread_blocked, id=5468, stack(0x00000019fe600000,0x00000019fe700000)]
  0x000001c4c3ec8c00 JavaThread "Unconstrained build operations Thread 84" [_thread_blocked, id=17132, stack(0x00000019fe700000,0x00000019fe800000)]
  0x000001c4c3ecd430 JavaThread "Unconstrained build operations Thread 85" [_thread_blocked, id=3672, stack(0x00000019fe800000,0x00000019fe900000)]
  0x000001c4c3eccf60 JavaThread "Unconstrained build operations Thread 86" [_thread_blocked, id=5568, stack(0x00000019fe900000,0x00000019fea00000)]
  0x000001c4c3ec5be0 JavaThread "Unconstrained build operations Thread 87" [_thread_blocked, id=10524, stack(0x00000019fea00000,0x00000019feb00000)]
  0x000001c4c3ec60b0 JavaThread "Unconstrained build operations Thread 88" [_thread_blocked, id=28560, stack(0x00000019feb00000,0x00000019fec00000)]
  0x000001c4c3ec6580 JavaThread "Unconstrained build operations Thread 89" [_thread_blocked, id=9388, stack(0x00000019fec00000,0x00000019fed00000)]
  0x000001c4c3ecadb0 JavaThread "Unconstrained build operations Thread 90" [_thread_blocked, id=29216, stack(0x00000019fed00000,0x00000019fee00000)]
  0x000001c4c3ec6a50 JavaThread "Unconstrained build operations Thread 91" [_thread_blocked, id=15580, stack(0x00000019fee00000,0x00000019fef00000)]
  0x000001c4c3ec90d0 JavaThread "Unconstrained build operations Thread 92" [_thread_blocked, id=1280, stack(0x00000019fef00000,0x00000019ff000000)]
  0x000001c4c3eca410 JavaThread "Unconstrained build operations Thread 93" [_thread_blocked, id=30032, stack(0x00000019ff000000,0x00000019ff100000)]
  0x000001c4c3ec95a0 JavaThread "Unconstrained build operations Thread 94" [_thread_blocked, id=9404, stack(0x00000019ff100000,0x00000019ff200000)]
  0x000001c4c3ec6f20 JavaThread "Unconstrained build operations Thread 95" [_thread_blocked, id=28760, stack(0x00000019ff200000,0x00000019ff300000)]
  0x000001c4c3ecb280 JavaThread "Unconstrained build operations Thread 96" [_thread_blocked, id=29388, stack(0x00000019ff300000,0x00000019ff400000)]
  0x000001c4c3ecb750 JavaThread "Unconstrained build operations Thread 97" [_thread_blocked, id=24888, stack(0x00000019ff400000,0x00000019ff500000)]
  0x000001c4c5da3e20 JavaThread "Unconstrained build operations Thread 98" [_thread_blocked, id=14352, stack(0x00000019ff500000,0x00000019ff600000)]
  0x000001c4c5da1c70 JavaThread "Unconstrained build operations Thread 99" [_thread_blocked, id=23400, stack(0x00000019ff600000,0x00000019ff700000)]
  0x000001c4c5da5160 JavaThread "Unconstrained build operations Thread 100" [_thread_blocked, id=10168, stack(0x00000019ff700000,0x00000019ff800000)]
  0x000001c4c5da5b00 JavaThread "Unconstrained build operations Thread 101" [_thread_blocked, id=29012, stack(0x00000019ff800000,0x00000019ff900000)]
  0x000001c4c5da64a0 JavaThread "Unconstrained build operations Thread 102" [_thread_blocked, id=15888, stack(0x00000019ff900000,0x00000019ffa00000)]
  0x000001c4c5da77e0 JavaThread "Unconstrained build operations Thread 103" [_thread_blocked, id=30156, stack(0x00000019ffa00000,0x00000019ffb00000)]
  0x000001c4c5da8650 JavaThread "Unconstrained build operations Thread 104" [_thread_blocked, id=26272, stack(0x00000019ffb00000,0x00000019ffc00000)]
  0x000001c4c5da42f0 JavaThread "Unconstrained build operations Thread 105" [_thread_blocked, id=29084, stack(0x00000019ffc00000,0x00000019ffd00000)]
  0x000001c4c5da2140 JavaThread "Unconstrained build operations Thread 106" [_thread_blocked, id=2052, stack(0x00000019ffd00000,0x00000019ffe00000)]
  0x000001c4c5da8ff0 JavaThread "Unconstrained build operations Thread 107" [_thread_blocked, id=23928, stack(0x00000019ffe00000,0x00000019fff00000)]
  0x000001c4c5da2fb0 JavaThread "Unconstrained build operations Thread 108" [_thread_blocked, id=25064, stack(0x00000019fff00000,0x0000001a00000000)]
  0x000001c4c5da8b20 JavaThread "Unconstrained build operations Thread 109" [_thread_blocked, id=19212, stack(0x0000001980000000,0x0000001980100000)]
  0x000001c4c5da2610 JavaThread "Unconstrained build operations Thread 110" [_thread_blocked, id=28936, stack(0x0000001980100000,0x0000001980200000)]
  0x000001c4c5da47c0 JavaThread "Unconstrained build operations Thread 111" [_thread_blocked, id=23600, stack(0x0000001980200000,0x0000001980300000)]
  0x000001c4c5da7cb0 JavaThread "Unconstrained build operations Thread 112" [_thread_blocked, id=15616, stack(0x0000001980300000,0x0000001980400000)]
  0x000001c4c5da6e40 JavaThread "Unconstrained build operations Thread 113" [_thread_blocked, id=20952, stack(0x0000001980400000,0x0000001980500000)]
  0x000001c4c5da6970 JavaThread "Unconstrained build operations Thread 114" [_thread_blocked, id=30056, stack(0x0000001980500000,0x0000001980600000)]
  0x000001c4c5da5fd0 JavaThread "Unconstrained build operations Thread 115" [_thread_blocked, id=29932, stack(0x0000001980600000,0x0000001980700000)]
  0x000001c4c5da7310 JavaThread "Unconstrained build operations Thread 116" [_thread_blocked, id=17708, stack(0x0000001980700000,0x0000001980800000)]
  0x000001c4c5da3950 JavaThread "Unconstrained build operations Thread 117" [_thread_blocked, id=13096, stack(0x0000001980800000,0x0000001980900000)]
  0x000001c4c5da3480 JavaThread "Unconstrained build operations Thread 118" [_thread_blocked, id=18160, stack(0x0000001980900000,0x0000001980a00000)]
  0x000001c4c5da8180 JavaThread "Unconstrained build operations Thread 119" [_thread_blocked, id=29708, stack(0x0000001980a00000,0x0000001980b00000)]
  0x000001c4c5da4c90 JavaThread "Unconstrained build operations Thread 120" [_thread_blocked, id=26776, stack(0x0000001980b00000,0x0000001980c00000)]

Other Threads:
=>0x000001c4c27013e0 VMThread "VM Thread" [stack: 0x00000019f5800000,0x00000019f5900000] [id=2560]
  0x000001c4a8465250 WatcherThread [stack: 0x00000019f6400000,0x00000019f6500000] [id=27972]
  0x000001c4a843a2a0 GCTaskThread "GC Thread#0" [stack: 0x00000019f5300000,0x00000019f5400000] [id=29540]
  0x000001c4c3a93350 GCTaskThread "GC Thread#1" [stack: 0x00000019f6500000,0x00000019f6600000] [id=10376]
  0x000001c4c3bc6b50 GCTaskThread "GC Thread#2" [stack: 0x00000019f6600000,0x00000019f6700000] [id=10620]
  0x000001c4c3cdbc20 GCTaskThread "GC Thread#3" [stack: 0x00000019f6700000,0x00000019f6800000] [id=29492]
  0x000001c4c44767b0 GCTaskThread "GC Thread#4" [stack: 0x00000019f6800000,0x00000019f6900000] [id=30472]
  0x000001c4c4b79620 GCTaskThread "GC Thread#5" [stack: 0x00000019f7300000,0x00000019f7400000] [id=29256]
  0x000001c4c58b6830 GCTaskThread "GC Thread#6" [stack: 0x00000019f7400000,0x00000019f7500000] [id=23496]
  0x000001c4c4c27c80 GCTaskThread "GC Thread#7" [stack: 0x00000019f7500000,0x00000019f7600000] [id=25680]
  0x000001c4c4af1e60 GCTaskThread "GC Thread#8" [stack: 0x00000019f7600000,0x00000019f7700000] [id=30088]
  0x000001c4c58ce170 GCTaskThread "GC Thread#9" [stack: 0x00000019f7700000,0x00000019f7800000] [id=9420]
  0x000001c4a844bae0 ConcurrentGCThread "G1 Main Marker" [stack: 0x00000019f5400000,0x00000019f5500000] [id=22616]
  0x000001c4a844c4f0 ConcurrentGCThread "G1 Conc#0" [stack: 0x00000019f5500000,0x00000019f5600000] [id=13628]
  0x000001c4c58ea030 ConcurrentGCThread "G1 Conc#1" [stack: 0x00000019f7800000,0x00000019f7900000] [id=28056]
  0x000001c4c58ea6e0 ConcurrentGCThread "G1 Conc#2" [stack: 0x00000019f7900000,0x00000019f7a00000] [id=28976]
  0x000001c4c25524c0 ConcurrentGCThread "G1 Refine#0" [stack: 0x00000019f5600000,0x00000019f5700000] [id=28716]
  0x000001c4c2552df0 ConcurrentGCThread "G1 Service" [stack: 0x00000019f5700000,0x00000019f5800000] [id=6408]

Threads with active compile tasks:
C2 CompilerThread0    47063 9472       4       org.objectweb.asm.ClassReader::readCode (5109 bytes)

VM state: at safepoint (normal execution)

VM Mutex/Monitor currently owned by a thread:  ([mutex/lock_event])
[0x000001c4a83d97a0] Threads_lock - owner thread: 0x000001c4c27013e0
[0x000001c4a83da250] Heap_lock - owner thread: 0x000001c4c74e4740

Heap address: 0x0000000080000000, size: 2048 MB, Compressed Oops mode: 32-bit

CDS archive(s) not mapped
Compressed class space mapped at: 0x0000000100000000-0x0000000140000000, reserved size: 1073741824
Narrow klass base: 0x0000000000000000, Narrow klass shift: 3, Narrow klass range: 0x140000000

GC Precious Log:
 CPUs: 12 total, 12 available
 Memory: 5996M
 Large Page Support: Disabled
 NUMA Support: Disabled
 Compressed Oops: Enabled (32-bit)
 Heap Region Size: 1M
 Heap Min Capacity: 8M
 Heap Initial Capacity: 94M
 Heap Max Capacity: 2G
 Pre-touch: Disabled
 Parallel Workers: 10
 Concurrent Workers: 3
 Concurrent Refinement Workers: 10
 Periodic GC: Disabled

Heap:
 garbage-first heap   total 203776K, used 94101K [0x0000000080000000, 0x0000000100000000)
  region size 1024K, 1 young (1024K), 1 survivors (1024K)
 Metaspace       used 70599K, committed 71232K, reserved 1114112K
  class space    used 9174K, committed 9472K, reserved 1048576K

Heap Regions: E=young(eden), S=young(survivor), O=old, HS=humongous(starts), HC=humongous(continues), CS=collection set, F=free, OA=open archive, CA=closed archive, TAMS=top-at-mark-start (previous, next)
|   0|0x0000000080000000, 0x0000000080100000, 0x0000000080100000|100%|HS|  |TAMS 0x0000000080100000, 0x0000000080000000| Complete 
|   1|0x0000000080100000, 0x0000000080200000, 0x0000000080200000|100%|HC|  |TAMS 0x0000000080200000, 0x0000000080100000| Complete 
|   2|0x0000000080200000, 0x0000000080300000, 0x0000000080300000|100%|HC|  |TAMS 0x0000000080300000, 0x0000000080200000| Complete 
|   3|0x0000000080300000, 0x0000000080400000, 0x0000000080400000|100%|HC|  |TAMS 0x0000000080400000, 0x0000000080300000| Complete 
|   4|0x0000000080400000, 0x0000000080500000, 0x0000000080500000|100%| O|  |TAMS 0x0000000080500000, 0x0000000080400000| Untracked 
|   5|0x0000000080500000, 0x0000000080600000, 0x0000000080600000|100%| O|  |TAMS 0x0000000080600000, 0x0000000080500000| Untracked 
|   6|0x0000000080600000, 0x0000000080700000, 0x0000000080700000|100%| O|  |TAMS 0x0000000080700000, 0x0000000080600000| Untracked 
|   7|0x0000000080700000, 0x0000000080800000, 0x0000000080800000|100%| O|  |TAMS 0x0000000080800000, 0x0000000080700000| Untracked 
|   8|0x0000000080800000, 0x0000000080900000, 0x0000000080900000|100%| O|  |TAMS 0x0000000080900000, 0x0000000080800000| Untracked 
|   9|0x0000000080900000, 0x0000000080a00000, 0x0000000080a00000|100%| O|  |TAMS 0x0000000080a00000, 0x0000000080900000| Untracked 
|  10|0x0000000080a00000, 0x0000000080b00000, 0x0000000080b00000|100%| O|  |TAMS 0x0000000080b00000, 0x0000000080a00000| Untracked 
|  11|0x0000000080b00000, 0x0000000080c00000, 0x0000000080c00000|100%| O|  |TAMS 0x0000000080c00000, 0x0000000080b00000| Untracked 
|  12|0x0000000080c00000, 0x0000000080d00000, 0x0000000080d00000|100%| O|  |TAMS 0x0000000080d00000, 0x0000000080c00000| Untracked 
|  13|0x0000000080d00000, 0x0000000080e00000, 0x0000000080e00000|100%| O|  |TAMS 0x0000000080e00000, 0x0000000080d00000| Untracked 
|  14|0x0000000080e00000, 0x0000000080f00000, 0x0000000080f00000|100%| O|  |TAMS 0x0000000080f00000, 0x0000000080e00000| Untracked 
|  15|0x0000000080f00000, 0x0000000081000000, 0x0000000081000000|100%| O|  |TAMS 0x0000000081000000, 0x0000000080f00000| Untracked 
|  16|0x0000000081000000, 0x0000000081100000, 0x0000000081100000|100%| O|  |TAMS 0x0000000081100000, 0x0000000081000000| Untracked 
|  17|0x0000000081100000, 0x0000000081200000, 0x0000000081200000|100%| O|  |TAMS 0x0000000081200000, 0x0000000081100000| Untracked 
|  18|0x0000000081200000, 0x0000000081300000, 0x0000000081300000|100%| O|  |TAMS 0x0000000081300000, 0x0000000081200000| Untracked 
|  19|0x0000000081300000, 0x0000000081400000, 0x0000000081400000|100%|HS|  |TAMS 0x0000000081400000, 0x0000000081300000| Complete 
|  20|0x0000000081400000, 0x0000000081500000, 0x0000000081500000|100%|HC|  |TAMS 0x0000000081500000, 0x0000000081400000| Complete 
|  21|0x0000000081500000, 0x0000000081600000, 0x0000000081600000|100%|HS|  |TAMS 0x0000000081600000, 0x0000000081500000| Complete 
|  22|0x0000000081600000, 0x0000000081700000, 0x0000000081700000|100%|HC|  |TAMS 0x0000000081700000, 0x0000000081600000| Complete 
|  23|0x0000000081700000, 0x0000000081800000, 0x0000000081800000|100%|HC|  |TAMS 0x0000000081800000, 0x0000000081700000| Complete 
|  24|0x0000000081800000, 0x0000000081900000, 0x0000000081900000|100%| O|  |TAMS 0x0000000081900000, 0x0000000081800000| Untracked 
|  25|0x0000000081900000, 0x0000000081a00000, 0x0000000081a00000|100%| O|  |TAMS 0x0000000081a00000, 0x0000000081900000| Untracked 
|  26|0x0000000081a00000, 0x0000000081b00000, 0x0000000081b00000|100%| O|  |TAMS 0x0000000081b00000, 0x0000000081a00000| Untracked 
|  27|0x0000000081b00000, 0x0000000081c00000, 0x0000000081c00000|100%| O|  |TAMS 0x0000000081c00000, 0x0000000081b00000| Untracked 
|  28|0x0000000081c00000, 0x0000000081d00000, 0x0000000081d00000|100%| O|  |TAMS 0x0000000081d00000, 0x0000000081c00000| Untracked 
|  29|0x0000000081d00000, 0x0000000081e00000, 0x0000000081e00000|100%|HS|  |TAMS 0x0000000081e00000, 0x0000000081d00000| Complete 
|  30|0x0000000081e00000, 0x0000000081f00000, 0x0000000081f00000|100%|HC|  |TAMS 0x0000000081f00000, 0x0000000081e00000| Complete 
|  31|0x0000000081f00000, 0x0000000082000000, 0x0000000082000000|100%|HC|  |TAMS 0x0000000082000000, 0x0000000081f00000| Complete 
|  32|0x0000000082000000, 0x0000000082100000, 0x0000000082100000|100%| O|  |TAMS 0x0000000082100000, 0x0000000082000000| Untracked 
|  33|0x0000000082100000, 0x0000000082200000, 0x0000000082200000|100%|HS|  |TAMS 0x0000000082200000, 0x0000000082100000| Complete 
|  34|0x0000000082200000, 0x0000000082300000, 0x0000000082300000|100%|HC|  |TAMS 0x0000000082300000, 0x0000000082200000| Complete 
|  35|0x0000000082300000, 0x0000000082400000, 0x0000000082400000|100%|HC|  |TAMS 0x0000000082400000, 0x0000000082300000| Complete 
|  36|0x0000000082400000, 0x0000000082500000, 0x0000000082500000|100%|HC|  |TAMS 0x0000000082500000, 0x0000000082400000| Complete 
|  37|0x0000000082500000, 0x0000000082600000, 0x0000000082600000|100%|HC|  |TAMS 0x0000000082600000, 0x0000000082500000| Complete 
|  38|0x0000000082600000, 0x0000000082700000, 0x0000000082700000|100%|HC|  |TAMS 0x0000000082700000, 0x0000000082600000| Complete 
|  39|0x0000000082700000, 0x0000000082800000, 0x0000000082800000|100%|HC|  |TAMS 0x0000000082800000, 0x0000000082700000| Complete 
|  40|0x0000000082800000, 0x0000000082900000, 0x0000000082900000|100%|HC|  |TAMS 0x0000000082900000, 0x0000000082800000| Complete 
|  41|0x0000000082900000, 0x0000000082a00000, 0x0000000082a00000|100%|HC|  |TAMS 0x0000000082a00000, 0x0000000082900000| Complete 
|  42|0x0000000082a00000, 0x0000000082b00000, 0x0000000082b00000|100%|HC|  |TAMS 0x0000000082b00000, 0x0000000082a00000| Complete 
|  43|0x0000000082b00000, 0x0000000082c00000, 0x0000000082c00000|100%|HC|  |TAMS 0x0000000082c00000, 0x0000000082b00000| Complete 
|  44|0x0000000082c00000, 0x0000000082d00000, 0x0000000082d00000|100%|HC|  |TAMS 0x0000000082d00000, 0x0000000082c00000| Complete 
|  45|0x0000000082d00000, 0x0000000082e00000, 0x0000000082e00000|100%| O|  |TAMS 0x0000000082e00000, 0x0000000082d00000| Untracked 
|  46|0x0000000082e00000, 0x0000000082f00000, 0x0000000082f00000|100%|HS|  |TAMS 0x0000000082f00000, 0x0000000082e00000| Complete 
|  47|0x0000000082f00000, 0x0000000083000000, 0x0000000083000000|100%|HC|  |TAMS 0x0000000083000000, 0x0000000082f00000| Complete 
|  48|0x0000000083000000, 0x0000000083100000, 0x0000000083100000|100%| O|  |TAMS 0x0000000083100000, 0x0000000083000000| Untracked 
|  49|0x0000000083100000, 0x0000000083200000, 0x0000000083200000|100%| O|  |TAMS 0x0000000083200000, 0x0000000083100000| Untracked 
|  50|0x0000000083200000, 0x0000000083300000, 0x0000000083300000|100%| O|  |TAMS 0x0000000083300000, 0x0000000083200000| Untracked 
|  51|0x0000000083300000, 0x0000000083400000, 0x0000000083400000|100%| O|  |TAMS 0x0000000083300000, 0x0000000083300000| Untracked 
|  52|0x0000000083400000, 0x0000000083500000, 0x0000000083500000|100%| O|  |TAMS 0x0000000083500000, 0x0000000083400000| Untracked 
|  53|0x0000000083500000, 0x0000000083600000, 0x0000000083600000|100%| O|  |TAMS 0x0000000083600000, 0x0000000083500000| Untracked 
|  54|0x0000000083600000, 0x0000000083700000, 0x0000000083700000|100%| O|  |TAMS 0x0000000083700000, 0x0000000083600000| Untracked 
|  55|0x0000000083700000, 0x0000000083800000, 0x0000000083800000|100%| O|  |TAMS 0x0000000083800000, 0x0000000083700000| Untracked 
|  56|0x0000000083800000, 0x0000000083900000, 0x0000000083900000|100%| O|  |TAMS 0x0000000083900000, 0x0000000083800000| Untracked 
|  57|0x0000000083900000, 0x0000000083a00000, 0x0000000083a00000|100%|HS|  |TAMS 0x0000000083a00000, 0x0000000083900000| Complete 
|  58|0x0000000083a00000, 0x0000000083b00000, 0x0000000083b00000|100%|HC|  |TAMS 0x0000000083b00000, 0x0000000083a00000| Complete 
|  59|0x0000000083b00000, 0x0000000083c00000, 0x0000000083c00000|100%|HC|  |TAMS 0x0000000083c00000, 0x0000000083b00000| Complete 
|  60|0x0000000083c00000, 0x0000000083d00000, 0x0000000083d00000|100%|HS|  |TAMS 0x0000000083d00000, 0x0000000083c00000| Complete 
|  61|0x0000000083d00000, 0x0000000083e00000, 0x0000000083e00000|100%|HC|  |TAMS 0x0000000083e00000, 0x0000000083d00000| Complete 
|  62|0x0000000083e00000, 0x0000000083f00000, 0x0000000083f00000|100%|HC|  |TAMS 0x0000000083f00000, 0x0000000083e00000| Complete 
|  63|0x0000000083f00000, 0x0000000084000000, 0x0000000084000000|100%| O|  |TAMS 0x0000000084000000, 0x0000000083f00000| Untracked 
|  64|0x0000000084000000, 0x0000000084100000, 0x0000000084100000|100%| O|  |TAMS 0x0000000084100000, 0x0000000084000000| Untracked 
|  65|0x0000000084100000, 0x0000000084200000, 0x0000000084200000|100%| O|  |TAMS 0x0000000084200000, 0x0000000084100000| Untracked 
|  66|0x0000000084200000, 0x0000000084300000, 0x0000000084300000|100%| O|  |TAMS 0x0000000084300000, 0x0000000084200000| Untracked 
|  67|0x0000000084300000, 0x0000000084400000, 0x0000000084400000|100%| O|  |TAMS 0x0000000084400000, 0x0000000084300000| Untracked 
|  68|0x0000000084400000, 0x0000000084500000, 0x0000000084500000|100%| O|  |TAMS 0x0000000084500000, 0x0000000084400000| Untracked 
|  69|0x0000000084500000, 0x0000000084600000, 0x0000000084600000|100%| O|  |TAMS 0x0000000084600000, 0x0000000084500000| Untracked 
|  70|0x0000000084600000, 0x0000000084700000, 0x0000000084700000|100%| O|  |TAMS 0x0000000084700000, 0x0000000084600000| Untracked 
|  71|0x0000000084700000, 0x0000000084800000, 0x0000000084800000|100%| O|  |TAMS 0x0000000084800000, 0x0000000084700000| Untracked 
|  72|0x0000000084800000, 0x0000000084900000, 0x0000000084900000|100%| O|  |TAMS 0x0000000084900000, 0x0000000084800000| Untracked 
|  73|0x0000000084900000, 0x0000000084a00000, 0x0000000084a00000|100%| O|  |TAMS 0x0000000084a00000, 0x0000000084900000| Untracked 
|  74|0x0000000084a00000, 0x0000000084b00000, 0x0000000084b00000|100%| O|  |TAMS 0x0000000084b00000, 0x0000000084a00000| Untracked 
|  75|0x0000000084b00000, 0x0000000084c00000, 0x0000000084c00000|100%| O|  |TAMS 0x0000000084c00000, 0x0000000084b00000| Untracked 
|  76|0x0000000084c00000, 0x0000000084d00000, 0x0000000084d00000|100%| O|  |TAMS 0x0000000084d00000, 0x0000000084c00000| Untracked 
|  77|0x0000000084d00000, 0x0000000084e00000, 0x0000000084e00000|100%| O|  |TAMS 0x0000000084e00000, 0x0000000084d00000| Untracked 
|  78|0x0000000084e00000, 0x0000000084f00000, 0x0000000084f00000|100%| O|  |TAMS 0x0000000084f00000, 0x0000000084e00000| Untracked 
|  79|0x0000000084f00000, 0x0000000085000000, 0x0000000085000000|100%| O|  |TAMS 0x0000000085000000, 0x0000000084f00000| Untracked 
|  80|0x0000000085000000, 0x0000000085100000, 0x0000000085100000|100%| O|  |TAMS 0x0000000085100000, 0x0000000085000000| Untracked 
|  81|0x0000000085100000, 0x0000000085200000, 0x0000000085200000|100%|HS|  |TAMS 0x0000000085200000, 0x0000000085100000| Complete 
|  82|0x0000000085200000, 0x0000000085300000, 0x0000000085300000|100%|HC|  |TAMS 0x0000000085300000, 0x0000000085200000| Complete 
|  83|0x0000000085300000, 0x0000000085400000, 0x0000000085400000|100%| O|  |TAMS 0x0000000085400000, 0x0000000085300000| Untracked 
|  84|0x0000000085400000, 0x0000000085500000, 0x0000000085500000|100%| O|  |TAMS 0x0000000085500000, 0x0000000085400000| Untracked 
|  85|0x0000000085500000, 0x0000000085500000, 0x0000000085600000|  0%| F|  |TAMS 0x0000000085500000, 0x0000000085500000| Untracked 
|  86|0x0000000085600000, 0x0000000085700000, 0x0000000085700000|100%| O|  |TAMS 0x0000000085674000, 0x0000000085600000| Untracked 
|  87|0x0000000085700000, 0x0000000085800000, 0x0000000085800000|100%|HS|  |TAMS 0x0000000085800000, 0x0000000085700000| Complete 
|  88|0x0000000085800000, 0x0000000085900000, 0x0000000085900000|100%|HC|  |TAMS 0x0000000085900000, 0x0000000085800000| Complete 
|  89|0x0000000085900000, 0x0000000085a00000, 0x0000000085a00000|100%|HC|  |TAMS 0x0000000085a00000, 0x0000000085900000| Complete 
|  90|0x0000000085a00000, 0x0000000085b00000, 0x0000000085b00000|100%|HC|  |TAMS 0x0000000085b00000, 0x0000000085a00000| Complete 
|  91|0x0000000085b00000, 0x0000000085c00000, 0x0000000085c00000|100%| O|  |TAMS 0x0000000085b00000, 0x0000000085b00000| Untracked 
|  92|0x0000000085c00000, 0x0000000085c2d800, 0x0000000085d00000| 17%| O|  |TAMS 0x0000000085c00000, 0x0000000085c00000| Untracked 
|  93|0x0000000085d00000, 0x0000000085d00000, 0x0000000085e00000|  0%| F|  |TAMS 0x0000000085d00000, 0x0000000085d00000| Untracked 
|  94|0x0000000085e00000, 0x0000000085e00000, 0x0000000085f00000|  0%| F|  |TAMS 0x0000000085e00000, 0x0000000085e00000| Untracked 
|  95|0x0000000085f00000, 0x0000000085f00000, 0x0000000086000000|  0%| F|  |TAMS 0x0000000085f00000, 0x0000000085f00000| Untracked 
|  96|0x0000000086000000, 0x0000000086000000, 0x0000000086100000|  0%| F|  |TAMS 0x0000000086000000, 0x0000000086000000| Untracked 
|  97|0x0000000086100000, 0x0000000086100000, 0x0000000086200000|  0%| F|  |TAMS 0x0000000086100000, 0x0000000086100000| Untracked 
|  98|0x0000000086200000, 0x0000000086200000, 0x0000000086300000|  0%| F|  |TAMS 0x0000000086200000, 0x0000000086200000| Untracked 
|  99|0x0000000086300000, 0x0000000086300000, 0x0000000086400000|  0%| F|  |TAMS 0x0000000086300000, 0x0000000086300000| Untracked 
| 100|0x0000000086400000, 0x0000000086400000, 0x0000000086500000|  0%| F|  |TAMS 0x0000000086400000, 0x0000000086400000| Untracked 
| 101|0x0000000086500000, 0x0000000086500000, 0x0000000086600000|  0%| F|  |TAMS 0x0000000086500000, 0x0000000086500000| Untracked 
| 102|0x0000000086600000, 0x0000000086600000, 0x0000000086700000|  0%| F|  |TAMS 0x0000000086600000, 0x0000000086600000| Untracked 
| 103|0x0000000086700000, 0x0000000086700000, 0x0000000086800000|  0%| F|  |TAMS 0x0000000086700000, 0x0000000086700000| Untracked 
| 104|0x0000000086800000, 0x0000000086800000, 0x0000000086900000|  0%| F|  |TAMS 0x0000000086800000, 0x0000000086800000| Untracked 
| 105|0x0000000086900000, 0x0000000086900000, 0x0000000086a00000|  0%| F|  |TAMS 0x0000000086900000, 0x0000000086900000| Untracked 
| 106|0x0000000086a00000, 0x0000000086a00000, 0x0000000086b00000|  0%| F|  |TAMS 0x0000000086a00000, 0x0000000086a00000| Untracked 
| 107|0x0000000086b00000, 0x0000000086b00000, 0x0000000086c00000|  0%| F|  |TAMS 0x0000000086b00000, 0x0000000086b00000| Untracked 
| 108|0x0000000086c00000, 0x0000000086c00000, 0x0000000086d00000|  0%| F|  |TAMS 0x0000000086c00000, 0x0000000086c00000| Untracked 
| 109|0x0000000086d00000, 0x0000000086d00000, 0x0000000086e00000|  0%| F|  |TAMS 0x0000000086d00000, 0x0000000086d00000| Untracked 
| 110|0x0000000086e00000, 0x0000000086e00000, 0x0000000086f00000|  0%| F|  |TAMS 0x0000000086e00000, 0x0000000086e00000| Untracked 
| 111|0x0000000086f00000, 0x0000000086f00000, 0x0000000087000000|  0%| F|  |TAMS 0x0000000086f00000, 0x0000000086f00000| Untracked 
| 112|0x0000000087000000, 0x0000000087000000, 0x0000000087100000|  0%| F|  |TAMS 0x0000000087000000, 0x0000000087000000| Untracked 
| 113|0x0000000087100000, 0x0000000087100000, 0x0000000087200000|  0%| F|  |TAMS 0x0000000087100000, 0x0000000087100000| Untracked 
| 114|0x0000000087200000, 0x0000000087200000, 0x0000000087300000|  0%| F|  |TAMS 0x0000000087200000, 0x0000000087200000| Untracked 
| 115|0x0000000087300000, 0x0000000087300000, 0x0000000087400000|  0%| F|  |TAMS 0x0000000087300000, 0x0000000087300000| Untracked 
| 116|0x0000000087400000, 0x0000000087400000, 0x0000000087500000|  0%| F|  |TAMS 0x0000000087400000, 0x0000000087400000| Untracked 
| 117|0x0000000087500000, 0x0000000087500000, 0x0000000087600000|  0%| F|  |TAMS 0x0000000087500000, 0x0000000087500000| Untracked 
| 118|0x0000000087600000, 0x0000000087600000, 0x0000000087700000|  0%| F|  |TAMS 0x0000000087600000, 0x0000000087600000| Untracked 
| 119|0x0000000087700000, 0x0000000087700000, 0x0000000087800000|  0%| F|  |TAMS 0x0000000087700000, 0x0000000087700000| Untracked 
| 120|0x0000000087800000, 0x0000000087800000, 0x0000000087900000|  0%| F|  |TAMS 0x0000000087800000, 0x0000000087800000| Untracked 
| 121|0x0000000087900000, 0x0000000087900000, 0x0000000087a00000|  0%| F|  |TAMS 0x0000000087900000, 0x0000000087900000| Untracked 
| 122|0x0000000087a00000, 0x0000000087a00000, 0x0000000087b00000|  0%| F|  |TAMS 0x0000000087a00000, 0x0000000087a00000| Untracked 
| 123|0x0000000087b00000, 0x0000000087b00000, 0x0000000087c00000|  0%| F|  |TAMS 0x0000000087b00000, 0x0000000087b00000| Untracked 
| 124|0x0000000087c00000, 0x0000000087c00000, 0x0000000087d00000|  0%| F|  |TAMS 0x0000000087c00000, 0x0000000087c00000| Untracked 
| 125|0x0000000087d00000, 0x0000000087d00000, 0x0000000087e00000|  0%| F|  |TAMS 0x0000000087d00000, 0x0000000087d00000| Untracked 
| 126|0x0000000087e00000, 0x0000000087e00000, 0x0000000087f00000|  0%| F|  |TAMS 0x0000000087e00000, 0x0000000087e00000| Untracked 
| 127|0x0000000087f00000, 0x0000000087f00000, 0x0000000088000000|  0%| F|  |TAMS 0x0000000087f00000, 0x0000000087f00000| Untracked 
| 128|0x0000000088000000, 0x0000000088000000, 0x0000000088100000|  0%| F|  |TAMS 0x0000000088000000, 0x0000000088000000| Untracked 
| 129|0x0000000088100000, 0x0000000088100000, 0x0000000088200000|  0%| F|  |TAMS 0x0000000088100000, 0x0000000088100000| Untracked 
| 130|0x0000000088200000, 0x0000000088200000, 0x0000000088300000|  0%| F|  |TAMS 0x0000000088200000, 0x0000000088200000| Untracked 
| 131|0x0000000088300000, 0x0000000088300000, 0x0000000088400000|  0%| F|  |TAMS 0x0000000088300000, 0x0000000088300000| Untracked 
| 132|0x0000000088400000, 0x0000000088400000, 0x0000000088500000|  0%| F|  |TAMS 0x0000000088400000, 0x0000000088400000| Untracked 
| 133|0x0000000088500000, 0x0000000088500000, 0x0000000088600000|  0%| F|  |TAMS 0x0000000088500000, 0x0000000088500000| Untracked 
| 134|0x0000000088600000, 0x0000000088600000, 0x0000000088700000|  0%| F|  |TAMS 0x0000000088600000, 0x0000000088600000| Untracked 
| 135|0x0000000088700000, 0x0000000088700000, 0x0000000088800000|  0%| F|  |TAMS 0x0000000088700000, 0x0000000088700000| Untracked 
| 136|0x0000000088800000, 0x0000000088800000, 0x0000000088900000|  0%| F|  |TAMS 0x0000000088800000, 0x0000000088800000| Untracked 
| 137|0x0000000088900000, 0x0000000088900000, 0x0000000088a00000|  0%| F|  |TAMS 0x0000000088900000, 0x0000000088900000| Untracked 
| 138|0x0000000088a00000, 0x0000000088a00000, 0x0000000088b00000|  0%| F|  |TAMS 0x0000000088a00000, 0x0000000088a00000| Untracked 
| 139|0x0000000088b00000, 0x0000000088b00000, 0x0000000088c00000|  0%| F|  |TAMS 0x0000000088b00000, 0x0000000088b00000| Untracked 
| 140|0x0000000088c00000, 0x0000000088c00000, 0x0000000088d00000|  0%| F|  |TAMS 0x0000000088c00000, 0x0000000088c00000| Untracked 
| 141|0x0000000088d00000, 0x0000000088d00000, 0x0000000088e00000|  0%| F|  |TAMS 0x0000000088d00000, 0x0000000088d00000| Untracked 
| 142|0x0000000088e00000, 0x0000000088e00000, 0x0000000088f00000|  0%| F|  |TAMS 0x0000000088e00000, 0x0000000088e00000| Untracked 
| 143|0x0000000088f00000, 0x0000000088f00000, 0x0000000089000000|  0%| F|  |TAMS 0x0000000088f00000, 0x0000000088f00000| Untracked 
| 144|0x0000000089000000, 0x0000000089000000, 0x0000000089100000|  0%| F|  |TAMS 0x0000000089000000, 0x0000000089000000| Untracked 
| 145|0x0000000089100000, 0x0000000089100000, 0x0000000089200000|  0%| F|  |TAMS 0x0000000089100000, 0x0000000089100000| Untracked 
| 146|0x0000000089200000, 0x0000000089200000, 0x0000000089300000|  0%| F|  |TAMS 0x0000000089200000, 0x0000000089200000| Untracked 
| 147|0x0000000089300000, 0x0000000089300000, 0x0000000089400000|  0%| F|  |TAMS 0x0000000089300000, 0x0000000089300000| Untracked 
| 148|0x0000000089400000, 0x0000000089400000, 0x0000000089500000|  0%| F|  |TAMS 0x0000000089400000, 0x0000000089400000| Untracked 
| 149|0x0000000089500000, 0x0000000089500000, 0x0000000089600000|  0%| F|  |TAMS 0x0000000089500000, 0x0000000089500000| Untracked 
| 150|0x0000000089600000, 0x0000000089600000, 0x0000000089700000|  0%| F|  |TAMS 0x0000000089600000, 0x0000000089600000| Untracked 
| 151|0x0000000089700000, 0x0000000089700000, 0x0000000089800000|  0%| F|  |TAMS 0x0000000089700000, 0x0000000089700000| Untracked 
| 152|0x0000000089800000, 0x0000000089800000, 0x0000000089900000|  0%| F|  |TAMS 0x0000000089800000, 0x0000000089800000| Untracked 
| 153|0x0000000089900000, 0x0000000089900000, 0x0000000089a00000|  0%| F|  |TAMS 0x0000000089900000, 0x0000000089900000| Untracked 
| 154|0x0000000089a00000, 0x0000000089a00000, 0x0000000089b00000|  0%| F|  |TAMS 0x0000000089a00000, 0x0000000089a00000| Untracked 
| 155|0x0000000089b00000, 0x0000000089b00000, 0x0000000089c00000|  0%| F|  |TAMS 0x0000000089b00000, 0x0000000089b00000| Untracked 
| 156|0x0000000089c00000, 0x0000000089c00000, 0x0000000089d00000|  0%| F|  |TAMS 0x0000000089c00000, 0x0000000089c00000| Untracked 
| 157|0x0000000089d00000, 0x0000000089d00000, 0x0000000089e00000|  0%| F|  |TAMS 0x0000000089d00000, 0x0000000089d00000| Untracked 
| 158|0x0000000089e00000, 0x0000000089e00000, 0x0000000089f00000|  0%| F|  |TAMS 0x0000000089e00000, 0x0000000089e00000| Untracked 
| 159|0x0000000089f00000, 0x0000000089f00000, 0x000000008a000000|  0%| F|  |TAMS 0x0000000089f00000, 0x0000000089f00000| Untracked 
| 160|0x000000008a000000, 0x000000008a000000, 0x000000008a100000|  0%| F|  |TAMS 0x000000008a000000, 0x000000008a000000| Untracked 
| 161|0x000000008a100000, 0x000000008a100000, 0x000000008a200000|  0%| F|  |TAMS 0x000000008a100000, 0x000000008a100000| Untracked 
| 162|0x000000008a200000, 0x000000008a200000, 0x000000008a300000|  0%| F|  |TAMS 0x000000008a200000, 0x000000008a200000| Untracked 
| 163|0x000000008a300000, 0x000000008a300000, 0x000000008a400000|  0%| F|  |TAMS 0x000000008a300000, 0x000000008a300000| Untracked 
| 164|0x000000008a400000, 0x000000008a400000, 0x000000008a500000|  0%| F|  |TAMS 0x000000008a400000, 0x000000008a400000| Untracked 
| 165|0x000000008a500000, 0x000000008a500000, 0x000000008a600000|  0%| F|  |TAMS 0x000000008a500000, 0x000000008a500000| Untracked 
| 166|0x000000008a600000, 0x000000008a600000, 0x000000008a700000|  0%| F|  |TAMS 0x000000008a600000, 0x000000008a600000| Untracked 
| 167|0x000000008a700000, 0x000000008a700000, 0x000000008a800000|  0%| F|  |TAMS 0x000000008a700000, 0x000000008a700000| Untracked 
| 168|0x000000008a800000, 0x000000008a800000, 0x000000008a900000|  0%| F|  |TAMS 0x000000008a800000, 0x000000008a800000| Untracked 
| 169|0x000000008a900000, 0x000000008a900000, 0x000000008aa00000|  0%| F|  |TAMS 0x000000008a900000, 0x000000008a900000| Untracked 
| 170|0x000000008aa00000, 0x000000008aa00000, 0x000000008ab00000|  0%| F|  |TAMS 0x000000008aa00000, 0x000000008aa00000| Untracked 
| 171|0x000000008ab00000, 0x000000008ab00000, 0x000000008ac00000|  0%| F|  |TAMS 0x000000008ab00000, 0x000000008ab00000| Untracked 
| 172|0x000000008ac00000, 0x000000008ac00000, 0x000000008ad00000|  0%| F|  |TAMS 0x000000008ac00000, 0x000000008ac00000| Untracked 
| 173|0x000000008ad00000, 0x000000008ad00000, 0x000000008ae00000|  0%| F|  |TAMS 0x000000008ad00000, 0x000000008ad00000| Untracked 
| 174|0x000000008ae00000, 0x000000008ae00000, 0x000000008af00000|  0%| F|  |TAMS 0x000000008ae00000, 0x000000008ae00000| Untracked 
| 175|0x000000008af00000, 0x000000008af00000, 0x000000008b000000|  0%| F|  |TAMS 0x000000008af00000, 0x000000008af00000| Untracked 
| 176|0x000000008b000000, 0x000000008b000000, 0x000000008b100000|  0%| F|  |TAMS 0x000000008b000000, 0x000000008b000000| Untracked 
| 177|0x000000008b100000, 0x000000008b100000, 0x000000008b200000|  0%| F|  |TAMS 0x000000008b100000, 0x000000008b100000| Untracked 
| 178|0x000000008b200000, 0x000000008b200000, 0x000000008b300000|  0%| F|  |TAMS 0x000000008b200000, 0x000000008b200000| Untracked 
| 179|0x000000008b300000, 0x000000008b300000, 0x000000008b400000|  0%| F|  |TAMS 0x000000008b300000, 0x000000008b300000| Untracked 
| 180|0x000000008b400000, 0x000000008b400000, 0x000000008b500000|  0%| F|  |TAMS 0x000000008b400000, 0x000000008b400000| Untracked 
| 181|0x000000008b500000, 0x000000008b500000, 0x000000008b600000|  0%| F|  |TAMS 0x000000008b500000, 0x000000008b500000| Untracked 
| 182|0x000000008b600000, 0x000000008b600000, 0x000000008b700000|  0%| F|  |TAMS 0x000000008b600000, 0x000000008b600000| Untracked 
| 183|0x000000008b700000, 0x000000008b700000, 0x000000008b800000|  0%| F|  |TAMS 0x000000008b700000, 0x000000008b700000| Untracked 
| 184|0x000000008b800000, 0x000000008b800000, 0x000000008b900000|  0%| F|  |TAMS 0x000000008b800000, 0x000000008b800000| Untracked 
| 185|0x000000008b900000, 0x000000008b900000, 0x000000008ba00000|  0%| F|  |TAMS 0x000000008b900000, 0x000000008b900000| Untracked 
| 186|0x000000008ba00000, 0x000000008ba00000, 0x000000008bb00000|  0%| F|  |TAMS 0x000000008ba00000, 0x000000008ba00000| Untracked 
| 187|0x000000008bb00000, 0x000000008bb00000, 0x000000008bc00000|  0%| F|  |TAMS 0x000000008bb00000, 0x000000008bb00000| Untracked 
| 188|0x000000008bc00000, 0x000000008bc00000, 0x000000008bd00000|  0%| F|  |TAMS 0x000000008bc00000, 0x000000008bc00000| Untracked 
| 189|0x000000008bd00000, 0x000000008bd00000, 0x000000008be00000|  0%| F|  |TAMS 0x000000008bd00000, 0x000000008bd00000| Untracked 
| 190|0x000000008be00000, 0x000000008be00000, 0x000000008bf00000|  0%| F|  |TAMS 0x000000008be00000, 0x000000008be00000| Untracked 
| 191|0x000000008bf00000, 0x000000008bf00000, 0x000000008c000000|  0%| F|  |TAMS 0x000000008bf00000, 0x000000008bf00000| Untracked 
| 192|0x000000008c000000, 0x000000008c0b7d98, 0x000000008c100000| 71%| S|CS|TAMS 0x000000008c000000, 0x000000008c000000| Complete 
| 193|0x000000008c100000, 0x000000008c100000, 0x000000008c200000|  0%| F|  |TAMS 0x000000008c100000, 0x000000008c100000| Untracked 
| 194|0x000000008c200000, 0x000000008c200000, 0x000000008c300000|  0%| F|  |TAMS 0x000000008c200000, 0x000000008c200000| Untracked 
| 195|0x000000008c300000, 0x000000008c300000, 0x000000008c400000|  0%| F|  |TAMS 0x000000008c300000, 0x000000008c300000| Untracked 
| 196|0x000000008c400000, 0x000000008c400000, 0x000000008c500000|  0%| F|  |TAMS 0x000000008c400000, 0x000000008c400000| Untracked 
| 197|0x000000008c500000, 0x000000008c500000, 0x000000008c600000|  0%| F|  |TAMS 0x000000008c500000, 0x000000008c500000| Untracked 
| 198|0x000000008c600000, 0x000000008c600000, 0x000000008c700000|  0%| F|  |TAMS 0x000000008c600000, 0x000000008c600000| Untracked 

Card table byte_map: [0x000001c4bb1f0000,0x000001c4bb5f0000] _byte_map_base: 0x000001c4badf0000

Marking Bits (Prev, Next): (CMBitMap*) 0x000001c4a843a8f0, (CMBitMap*) 0x000001c4a843a8b0
 Prev Bits: [0x000001c4bd9f0000, 0x000001c4bf9f0000)
 Next Bits: [0x000001c4bb9f0000, 0x000001c4bd9f0000)

Polling page: 0x000001c4a7ba0000

Metaspace:

Usage:
  Non-class:     59.99 MB used.
      Class:      8.96 MB used.
       Both:     68.95 MB used.

Virtual space:
  Non-class space:       64.00 MB reserved,      60.31 MB ( 94%) committed,  8 nodes.
      Class space:        1.00 GB reserved,       9.25 MB ( <1%) committed,  1 nodes.
             Both:        1.06 GB reserved,      69.56 MB (  6%) committed. 

Chunk freelists:
   Non-Class:  3.59 MB
       Class:  2.61 MB
        Both:  6.21 MB

MaxMetaspaceSize: unlimited
CompressedClassSpaceSize: 1.00 GB
Initial GC threshold: 21.00 MB
Current GC threshold: 115.75 MB
CDS: off
MetaspaceReclaimPolicy: balanced
 - commit_granule_bytes: 65536.
 - commit_granule_words: 8192.
 - virtual_space_node_default_size: 1048576.
 - enlarge_chunks_in_place: 1.
 - new_chunks_are_fully_committed: 0.
 - uncommit_free_chunks: 1.
 - use_allocation_guard: 0.
 - handle_deallocations: 1.


Internal statistics:

num_allocs_failed_limit: 3.
num_arena_births: 656.
num_arena_deaths: 6.
num_vsnodes_births: 9.
num_vsnodes_deaths: 0.
num_space_committed: 1113.
num_space_uncommitted: 0.
num_chunks_returned_to_freelist: 16.
num_chunks_taken_from_freelist: 2877.
num_chunk_merges: 3.
num_chunk_splits: 1868.
num_chunks_enlarged: 1246.
num_purges: 2.
num_inconsistent_stats: 0.

CodeHeap 'non-profiled nmethods': size=120000Kb used=3963Kb max_used=3963Kb free=116036Kb
 bounds [0x000001c4b3370000, 0x000001c4b3750000, 0x000001c4ba8a0000]
CodeHeap 'profiled nmethods': size=120000Kb used=17456Kb max_used=17456Kb free=102543Kb
 bounds [0x000001c4ab8a0000, 0x000001c4ac9b0000, 0x000001c4b2dd0000]
CodeHeap 'non-nmethods': size=5760Kb used=2382Kb max_used=2428Kb free=3378Kb
 bounds [0x000001c4b2dd0000, 0x000001c4b3040000, 0x000001c4b3370000]
 total_blobs=9725 nmethods=8813 adapters=823
 compilation: enabled
              stopped_count=0, restarted_count=0
 full_count=0

Compilation events (20 events):
Event: 46.894 Thread 0x000001c4c3034e40 9746       2       org.gradle.internal.classpath.InstrumentingBackwardsCompatibilityVisitor::fixHandleForBackwardsCompatibility (38 bytes)
Event: 46.894 Thread 0x000001c4c3034e40 nmethod 9746 0x000001c4ac99c610 code [0x000001c4ac99c7c0, 0x000001c4ac99ca98]
Event: 46.898 Thread 0x000001c4c3034e40 9750       2       org.gradle.model.internal.asm.MethodVisitorScope::_UNBOX (178 bytes)
Event: 46.899 Thread 0x000001c4c3034e40 nmethod 9750 0x000001c4ac99cb90 code [0x000001c4ac99ce80, 0x000001c4ac99d618]
Event: 46.901 Thread 0x000001c4c3034e40 9751       2       org.objectweb.asm.SymbolTable::addConstantLongOrDouble (109 bytes)
Event: 46.902 Thread 0x000001c4c3034e40 nmethod 9751 0x000001c4ac99da90 code [0x000001c4ac99dc80, 0x000001c4ac99e008]
Event: 46.902 Thread 0x000001c4c3034e40 9752       2       org.objectweb.asm.SymbolTable::hash (14 bytes)
Event: 46.902 Thread 0x000001c4c3034e40 nmethod 9752 0x000001c4ac99e290 code [0x000001c4ac99e420, 0x000001c4ac99e518]
Event: 46.905 Thread 0x000001c4c3034e40 9753       2       org.objectweb.asm.ClassReader::readLong (29 bytes)
Event: 46.905 Thread 0x000001c4c3034e40 nmethod 9753 0x000001c4ac99e590 code [0x000001c4ac99e740, 0x000001c4ac99e8d8]
Event: 46.906 Thread 0x000001c4c3034e40 9754       2       org.objectweb.asm.MethodWriter::visitSwitchInsn (174 bytes)
Event: 46.906 Thread 0x000001c4c3034e40 nmethod 9754 0x000001c4ac99ea10 code [0x000001c4ac99ec00, 0x000001c4ac99eff8]
Event: 46.913 Thread 0x000001c4c3034e40 9756 %     3       org.objectweb.asm.ClassReader::accept @ 1385 (1412 bytes)
Event: 46.923 Thread 0x000001c4c3034e40 nmethod 9756% 0x000001c4ac99f390 code [0x000001c4ac99ff20, 0x000001c4ac9a73a8]
Event: 46.926 Thread 0x000001c4c3034e40 9757       2       org.objectweb.asm.SymbolTable::addConstantUtf8 (98 bytes)
Event: 46.927 Thread 0x000001c4c3034e40 nmethod 9757 0x000001c4ac9aaa90 code [0x000001c4ac9aac80, 0x000001c4ac9ab038]
Event: 46.927 Thread 0x000001c4c3034e40 9758       2       org.gradle.internal.hash.Hashing$DefaultHasher::hash (10 bytes)
Event: 46.928 Thread 0x000001c4c3034e40 nmethod 9758 0x000001c4ac9ab310 code [0x000001c4ac9ab4e0, 0x000001c4ac9ab768]
Event: 46.940 Thread 0x000001c4c3034e40 9760       2       org.objectweb.asm.MethodWriter::visitTableSwitchInsn (120 bytes)
Event: 46.941 Thread 0x000001c4c3034e40 nmethod 9760 0x000001c4ac9ab910 code [0x000001c4ac9abb00, 0x000001c4ac9abe68]

GC Heap History (20 events):
Event: 5.993 GC heap after
{Heap after GC invocations=23 (full 0):
 garbage-first heap   total 178176K, used 72352K [0x0000000080000000, 0x0000000100000000)
  region size 1024K, 2 young (2048K), 2 survivors (2048K)
 Metaspace       used 53481K, committed 54016K, reserved 1097728K
  class space    used 7080K, committed 7296K, reserved 1048576K
}
Event: 6.581 GC heap before
{Heap before GC invocations=24 (full 0):
 garbage-first heap   total 178176K, used 125600K [0x0000000080000000, 0x0000000100000000)
  region size 1024K, 54 young (55296K), 2 survivors (2048K)
 Metaspace       used 57558K, committed 58112K, reserved 1105920K
  class space    used 7725K, committed 8000K, reserved 1048576K
}
Event: 6.587 GC heap after
{Heap after GC invocations=25 (full 0):
 garbage-first heap   total 178176K, used 76678K [0x0000000080000000, 0x0000000100000000)
  region size 1024K, 7 young (7168K), 7 survivors (7168K)
 Metaspace       used 57558K, committed 58112K, reserved 1105920K
  class space    used 7725K, committed 8000K, reserved 1048576K
}
Event: 6.597 GC heap before
{Heap before GC invocations=25 (full 0):
 garbage-first heap   total 178176K, used 77702K [0x0000000080000000, 0x0000000100000000)
  region size 1024K, 8 young (8192K), 7 survivors (7168K)
 Metaspace       used 57627K, committed 58176K, reserved 1105920K
  class space    used 7739K, committed 8000K, reserved 1048576K
}
Event: 6.601 GC heap after
{Heap after GC invocations=26 (full 0):
 garbage-first heap   total 178176K, used 76825K [0x0000000080000000, 0x0000000100000000)
  region size 1024K, 1 young (1024K), 1 survivors (1024K)
 Metaspace       used 57627K, committed 58176K, reserved 1105920K
  class space    used 7739K, committed 8000K, reserved 1048576K
}
Event: 11.789 GC heap before
{Heap before GC invocations=26 (full 0):
 garbage-first heap   total 178176K, used 134169K [0x0000000080000000, 0x0000000100000000)
  region size 1024K, 58 young (59392K), 1 survivors (1024K)
 Metaspace       used 69036K, committed 69632K, reserved 1114112K
  class space    used 9134K, committed 9408K, reserved 1048576K
}
Event: 11.794 GC heap after
{Heap after GC invocations=27 (full 0):
 garbage-first heap   total 178176K, used 81305K [0x0000000080000000, 0x0000000100000000)
  region size 1024K, 6 young (6144K), 6 survivors (6144K)
 Metaspace       used 69036K, committed 69632K, reserved 1114112K
  class space    used 9134K, committed 9408K, reserved 1048576K
}
Event: 33.797 GC heap before
{Heap before GC invocations=27 (full 0):
 garbage-first heap   total 178176K, used 135577K [0x0000000080000000, 0x0000000100000000)
  region size 1024K, 60 young (61440K), 6 survivors (6144K)
 Metaspace       used 70243K, committed 70848K, reserved 1114112K
  class space    used 9176K, committed 9472K, reserved 1048576K
}
Event: 33.802 GC heap after
{Heap after GC invocations=28 (full 0):
 garbage-first heap   total 178176K, used 84323K [0x0000000080000000, 0x0000000100000000)
  region size 1024K, 4 young (4096K), 4 survivors (4096K)
 Metaspace       used 70243K, committed 70848K, reserved 1114112K
  class space    used 9176K, committed 9472K, reserved 1048576K
}
Event: 46.072 GC heap before
{Heap before GC invocations=28 (full 0):
 garbage-first heap   total 178176K, used 90467K [0x0000000080000000, 0x0000000100000000)
  region size 1024K, 12 young (12288K), 4 survivors (4096K)
 Metaspace       used 70330K, committed 70912K, reserved 1114112K
  class space    used 9178K, committed 9472K, reserved 1048576K
}
Event: 46.117 GC heap after
{Heap after GC invocations=29 (full 0):
 garbage-first heap   total 178176K, used 85063K [0x0000000080000000, 0x0000000100000000)
  region size 1024K, 5 young (5120K), 5 survivors (5120K)
 Metaspace       used 70330K, committed 70912K, reserved 1114112K
  class space    used 9178K, committed 9472K, reserved 1048576K
}
Event: 46.653 GC heap before
{Heap before GC invocations=30 (full 0):
 garbage-first heap   total 203776K, used 155719K [0x0000000080000000, 0x0000000100000000)
  region size 1024K, 63 young (64512K), 5 survivors (5120K)
 Metaspace       used 70505K, committed 71168K, reserved 1114112K
  class space    used 9172K, committed 9472K, reserved 1048576K
}
Event: 46.660 GC heap after
{Heap after GC invocations=31 (full 0):
 garbage-first heap   total 203776K, used 92874K [0x0000000080000000, 0x0000000100000000)
  region size 1024K, 6 young (6144K), 6 survivors (6144K)
 Metaspace       used 70505K, committed 71168K, reserved 1114112K
  class space    used 9172K, committed 9472K, reserved 1048576K
}
Event: 46.683 GC heap before
{Heap before GC invocations=31 (full 0):
 garbage-first heap   total 203776K, used 95946K [0x0000000080000000, 0x0000000100000000)
  region size 1024K, 9 young (9216K), 6 survivors (6144K)
 Metaspace       used 70523K, committed 71168K, reserved 1114112K
  class space    used 9172K, committed 9472K, reserved 1048576K
}
Event: 46.705 GC heap after
{Heap after GC invocations=32 (full 0):
 garbage-first heap   total 203776K, used 92401K [0x0000000080000000, 0x0000000100000000)
  region size 1024K, 1 young (1024K), 1 survivors (1024K)
 Metaspace       used 70523K, committed 71168K, reserved 1114112K
  class space    used 9172K, committed 9472K, reserved 1048576K
}
Event: 46.803 GC heap before
{Heap before GC invocations=32 (full 0):
 garbage-first heap   total 203776K, used 162033K [0x0000000080000000, 0x0000000100000000)
  region size 1024K, 70 young (71680K), 1 survivors (1024K)
 Metaspace       used 70584K, committed 71232K, reserved 1114112K
  class space    used 9174K, committed 9472K, reserved 1048576K
}
Event: 46.807 GC heap after
{Heap after GC invocations=33 (full 0):
 garbage-first heap   total 203776K, used 93265K [0x0000000080000000, 0x0000000100000000)
  region size 1024K, 2 young (2048K), 2 survivors (2048K)
 Metaspace       used 70584K, committed 71232K, reserved 1114112K
  class space    used 9174K, committed 9472K, reserved 1048576K
}
Event: 46.930 GC heap before
{Heap before GC invocations=34 (full 0):
 garbage-first heap   total 203776K, used 169041K [0x0000000080000000, 0x0000000100000000)
  region size 1024K, 77 young (78848K), 2 survivors (2048K)
 Metaspace       used 70599K, committed 71232K, reserved 1114112K
  class space    used 9174K, committed 9472K, reserved 1048576K
}
Event: 46.936 GC heap after
{Heap after GC invocations=35 (full 0):
 garbage-first heap   total 203776K, used 94169K [0x0000000080000000, 0x0000000100000000)
  region size 1024K, 3 young (3072K), 3 survivors (3072K)
 Metaspace       used 70599K, committed 71232K, reserved 1114112K
  class space    used 9174K, committed 9472K, reserved 1048576K
}
Event: 46.942 GC heap before
{Heap before GC invocations=35 (full 0):
 garbage-first heap   total 203776K, used 100313K [0x0000000080000000, 0x0000000100000000)
  region size 1024K, 9 young (9216K), 3 survivors (3072K)
 Metaspace       used 70599K, committed 71232K, reserved 1114112K
  class space    used 9174K, committed 9472K, reserved 1048576K
}

Dll operation events (2 events):
Event: 0.018 Loaded shared library C:\Program Files\Android\Android Studio\jbr\bin\java.dll
Event: 0.365 Loaded shared library C:\Program Files\Android\Android Studio\jbr\bin\verify.dll

Deoptimization events (20 events):
Event: 46.578 Thread 0x000001c4c74e4740 DEOPT PACKING pc=0x000001c4abe1581b sp=0x00000019f85fda00
Event: 46.578 Thread 0x000001c4c74e4740 DEOPT UNPACKING pc=0x000001c4b2e27143 sp=0x00000019f85fce70 mode 0
Event: 46.579 Thread 0x000001c4c58aec60 DEOPT PACKING pc=0x000001c4abe1581b sp=0x00000019f80fdc80
Event: 46.579 Thread 0x000001c4c58aec60 DEOPT UNPACKING pc=0x000001c4b2e27143 sp=0x00000019f80fd0f0 mode 0
Event: 46.579 Thread 0x000001c4c74e3da0 DEOPT PACKING pc=0x000001c4abe1581b sp=0x00000019f88fdf30
Event: 46.579 Thread 0x000001c4c74e3da0 DEOPT UNPACKING pc=0x000001c4b2e27143 sp=0x00000019f88fd3a0 mode 0
Event: 46.579 Thread 0x000001c4c58aec60 DEOPT PACKING pc=0x000001c4abe1581b sp=0x00000019f80fdc80
Event: 46.579 Thread 0x000001c4c58aec60 DEOPT UNPACKING pc=0x000001c4b2e27143 sp=0x00000019f80fd0f0 mode 0
Event: 46.585 Thread 0x000001c4c74e4740 DEOPT PACKING pc=0x000001c4ac8fc5f7 sp=0x00000019f85fe260
Event: 46.585 Thread 0x000001c4c74e4740 DEOPT UNPACKING pc=0x000001c4b2e27143 sp=0x00000019f85fd760 mode 0
Event: 46.755 Thread 0x000001c4c74ddd60 Uncommon trap: trap_request=0xffffff45 fr.pc=0x000001c4b33fd914 relative=0x0000000000000274
Event: 46.755 Thread 0x000001c4c74ddd60 Uncommon trap: reason=unstable_if action=reinterpret pc=0x000001c4b33fd914 method=java.io.BufferedOutputStream.write([BII)V @ 6 c2
Event: 46.755 Thread 0x000001c4c74ddd60 DEOPT PACKING pc=0x000001c4b33fd914 sp=0x00000019f84feb20
Event: 46.755 Thread 0x000001c4c74ddd60 DEOPT UNPACKING pc=0x000001c4b2e269a3 sp=0x00000019f84feac8 mode 2
Event: 46.827 Thread 0x000001c4c74e3da0 DEOPT PACKING pc=0x000001c4ac90ddf0 sp=0x00000019f88fe1c0
Event: 46.827 Thread 0x000001c4c74e3da0 DEOPT UNPACKING pc=0x000001c4b2e27143 sp=0x00000019f88fd680 mode 0
Event: 46.926 Thread 0x000001c4c74ddd60 Uncommon trap: trap_request=0xffffff45 fr.pc=0x000001c4b37488a0 relative=0x00000000000015a0
Event: 46.926 Thread 0x000001c4c74ddd60 Uncommon trap: reason=unstable_if action=reinterpret pc=0x000001c4b37488a0 method=org.objectweb.asm.SymbolTable.addConstantUtf8(Ljava/lang/String;)I @ 40 c2
Event: 46.926 Thread 0x000001c4c74ddd60 DEOPT PACKING pc=0x000001c4b37488a0 sp=0x00000019f84fde80
Event: 46.926 Thread 0x000001c4c74ddd60 DEOPT UNPACKING pc=0x000001c4b2e269a3 sp=0x00000019f84fde70 mode 2

Classes unloaded (10 events):
Event: 46.328 Thread 0x000001c4c27013e0 Unloading class 0x00000001007dd820 '_BuildScript_$_run_closure2'
Event: 46.328 Thread 0x000001c4c27013e0 Unloading class 0x00000001007dd410 '_BuildScript_$_run_closure1$_closure3'
Event: 46.328 Thread 0x000001c4c27013e0 Unloading class 0x00000001007dd000 '_BuildScript_$_run_closure1'
Event: 46.329 Thread 0x000001c4c27013e0 Unloading class 0x00000001007dc800 '_BuildScript_'
Event: 46.329 Thread 0x000001c4c27013e0 Unloading class 0x0000000100761410 '_BuildScript_$_run_closure1$_closure2'
Event: 46.330 Thread 0x000001c4c27013e0 Unloading class 0x0000000100761000 '_BuildScript_$_run_closure1'
Event: 46.330 Thread 0x000001c4c27013e0 Unloading class 0x0000000100760800 '_BuildScript_'
Event: 46.330 Thread 0x000001c4c27013e0 Unloading class 0x0000000100748968 '_BuildScript_$_run_closure1$_closure2'
Event: 46.330 Thread 0x000001c4c27013e0 Unloading class 0x0000000100748558 '_BuildScript_$_run_closure1'
Event: 46.330 Thread 0x000001c4c27013e0 Unloading class 0x0000000100748000 '_BuildScript_'

Classes redefined (0 events):
No events

Internal exceptions (20 events):
Event: 46.775 Thread 0x000001c4c58af600 Exception <a 'sun/nio/fs/WindowsException'{0x0000000089a8b548}> (0x0000000089a8b548) 
thrown [s\src\hotspot\share\prims\jni.cpp, line 517]
Event: 46.777 Thread 0x000001c4c58ad920 Exception <a 'sun/nio/fs/WindowsException'{0x0000000089e9e598}> (0x0000000089e9e598) 
thrown [s\src\hotspot\share\prims\jni.cpp, line 517]
Event: 46.785 Thread 0x000001c4c74e4740 Exception <a 'sun/nio/fs/WindowsException'{0x0000000088b21418}> (0x0000000088b21418) 
thrown [s\src\hotspot\share\prims\jni.cpp, line 517]
Event: 46.789 Thread 0x000001c4c74e4740 Exception <a 'sun/nio/fs/WindowsException'{0x0000000088b21618}> (0x0000000088b21618) 
thrown [s\src\hotspot\share\prims\jni.cpp, line 517]
Event: 46.791 Thread 0x000001c4c74ddd60 Exception <a 'sun/nio/fs/WindowsException'{0x00000000889e7078}> (0x00000000889e7078) 
thrown [s\src\hotspot\share\prims\jni.cpp, line 517]
Event: 46.792 Thread 0x000001c4c58abc40 Exception <a 'sun/nio/fs/WindowsException'{0x000000008882ad88}> (0x000000008882ad88) 
thrown [s\src\hotspot\share\prims\jni.cpp, line 517]
Event: 46.799 Thread 0x000001c4c58abc40 Exception <a 'sun/nio/fs/WindowsException'{0x000000008882af88}> (0x000000008882af88) 
thrown [s\src\hotspot\share\prims\jni.cpp, line 517]
Event: 46.801 Thread 0x000001c4c58addf0 Exception <a 'sun/nio/fs/WindowsException'{0x000000008813f940}> (0x000000008813f940) 
thrown [s\src\hotspot\share\prims\jni.cpp, line 517]
Event: 46.807 Thread 0x000001c4c58addf0 Exception <a 'sun/nio/fs/WindowsException'{0x000000008c6f27a8}> (0x000000008c6f27a8) 
thrown [s\src\hotspot\share\prims\jni.cpp, line 517]
Event: 46.815 Thread 0x000001c4c58aec60 Exception <a 'sun/nio/fs/WindowsException'{0x000000008c464660}> (0x000000008c464660) 
thrown [s\src\hotspot\share\prims\jni.cpp, line 517]
Event: 46.827 Thread 0x000001c4c58aec60 Exception <a 'sun/nio/fs/WindowsException'{0x000000008c464838}> (0x000000008c464838) 
thrown [s\src\hotspot\share\prims\jni.cpp, line 517]
Event: 46.883 Thread 0x000001c4c58aec60 Exception <a 'sun/nio/fs/WindowsException'{0x000000008c472580}> (0x000000008c472580) 
thrown [s\src\hotspot\share\prims\jni.cpp, line 517]
Event: 46.883 Thread 0x000001c4c58ad920 Exception <a 'sun/nio/fs/WindowsException'{0x000000008c696e20}> (0x000000008c696e20) 
thrown [s\src\hotspot\share\prims\jni.cpp, line 517]
Event: 46.885 Thread 0x000001c4c74e4740 Exception <a 'sun/nio/fs/WindowsException'{0x000000008a5c9318}> (0x000000008a5c9318) 
thrown [s\src\hotspot\share\prims\jni.cpp, line 517]
Event: 46.885 Thread 0x000001c4c58abc40 Exception <a 'sun/nio/fs/WindowsException'{0x000000008a56fec8}> (0x000000008a56fec8) 
thrown [s\src\hotspot\share\prims\jni.cpp, line 517]
Event: 46.889 Thread 0x000001c4c58addf0 Exception <a 'sun/nio/fs/WindowsException'{0x000000008a32bc30}> (0x000000008a32bc30) 
thrown [s\src\hotspot\share\prims\jni.cpp, line 517]
Event: 46.894 Thread 0x000001c4c74e0d80 Exception <a 'sun/nio/fs/WindowsException'{0x0000000089e06168}> (0x0000000089e06168) 
thrown [s\src\hotspot\share\prims\jni.cpp, line 517]
Event: 46.923 Thread 0x000001c4c58aec60 Exception <a 'sun/nio/fs/WindowsException'{0x0000000088c5fed8}> (0x0000000088c5fed8) 
thrown [s\src\hotspot\share\prims\jni.cpp, line 517]
Event: 46.926 Thread 0x000001c4c58aec60 Exception <a 'sun/nio/fs/WindowsException'{0x0000000088c60090}> (0x0000000088c60090) 
thrown [s\src\hotspot\share\prims\jni.cpp, line 517]
Event: 46.936 Thread 0x000001c4c74e1250 Exception <a 'sun/nio/fs/WindowsException'{0x000000008c602c30}> (0x000000008c602c30) 
thrown [s\src\hotspot\share\prims\jni.cpp, line 517]

VM Operations (20 events):
Event: 46.117 Executing VM operation: G1TryInitiateConcMark done
Event: 46.264 Executing VM operation: G1Concurrent
Event: 46.516 Executing VM operation: G1Concurrent done
Event: 46.532 Executing VM operation: G1Concurrent
Event: 46.564 Executing VM operation: G1Concurrent done
Event: 46.619 Executing VM operation: G1CollectForAllocation
Event: 46.661 Executing VM operation: G1CollectForAllocation done
Event: 46.664 Executing VM operation: G1CollectForAllocation
Event: 46.705 Executing VM operation: G1CollectForAllocation done
Event: 46.802 Executing VM operation: G1CollectForAllocation
Event: 46.808 Executing VM operation: G1CollectForAllocation done
Event: 46.848 Executing VM operation: G1Concurrent
Event: 46.855 Executing VM operation: G1Concurrent done
Event: 46.867 Executing VM operation: G1Concurrent
Event: 46.868 Executing VM operation: G1Concurrent done
Event: 46.930 Executing VM operation: G1CollectForAllocation
Event: 46.930 Executing VM operation: G1CollectForAllocation done
Event: 46.930 Executing VM operation: G1CollectForAllocation
Event: 46.936 Executing VM operation: G1CollectForAllocation done
Event: 46.942 Executing VM operation: G1CollectForAllocation

Events (20 events):
Event: 20.281 Thread 0x000001c4c5da47c0 Thread added: 0x000001c4c5da47c0
Event: 20.281 Thread 0x000001c4c5da7cb0 Thread added: 0x000001c4c5da7cb0
Event: 20.281 Thread 0x000001c4c5da6e40 Thread added: 0x000001c4c5da6e40
Event: 20.282 Thread 0x000001c4c5da6970 Thread added: 0x000001c4c5da6970
Event: 20.282 Thread 0x000001c4c5da5fd0 Thread added: 0x000001c4c5da5fd0
Event: 20.282 Thread 0x000001c4c5da7310 Thread added: 0x000001c4c5da7310
Event: 20.282 Thread 0x000001c4c5da3950 Thread added: 0x000001c4c5da3950
Event: 20.282 Thread 0x000001c4c5da3480 Thread added: 0x000001c4c5da3480
Event: 20.282 Thread 0x000001c4c5da8180 Thread added: 0x000001c4c5da8180
Event: 20.282 Thread 0x000001c4c5da4c90 Thread added: 0x000001c4c5da4c90
Event: 20.770 loading class java/util/Collections$UnmodifiableSortedMap
Event: 20.771 loading class java/util/Collections$UnmodifiableSortedMap done
Event: 20.771 loading class sun/nio/cs/US_ASCII$Decoder
Event: 20.771 loading class sun/nio/cs/US_ASCII$Decoder done
Event: 25.239 Thread 0x000001c4c3035740 flushing nmethod 0x000001c4ab9f1310
Event: 25.240 Thread 0x000001c4c3035740 flushing nmethod 0x000001c4aba93c90
Event: 25.240 Thread 0x000001c4c3035740 flushing nmethod 0x000001c4abb85690
Event: 25.245 Thread 0x000001c4c3035740 flushing nmethod 0x000001c4ac390f10
Event: 45.382 loading class jdk/internal/misc/ScopedMemoryAccess$Scope$Handle
Event: 45.394 loading class jdk/internal/misc/ScopedMemoryAccess$Scope$Handle done


Dynamic libraries:
0x00007ff7378a0000 - 0x00007ff7378aa000 	C:\Program Files\Android\Android Studio\jbr\bin\java.exe
0x00007ff869070000 - 0x00007ff869284000 	C:\WINDOWS\SYSTEM32\ntdll.dll
0x00007ff868360000 - 0x00007ff868422000 	C:\WINDOWS\System32\KERNEL32.DLL
0x00007ff8665e0000 - 0x00007ff866983000 	C:\WINDOWS\System32\KERNELBASE.dll
0x00007ff866990000 - 0x00007ff866aa1000 	C:\WINDOWS\System32\ucrtbase.dll
0x00007ff84e0c0000 - 0x00007ff84e0db000 	C:\Program Files\Android\Android Studio\jbr\bin\VCRUNTIME140.dll
0x00007ff856580000 - 0x00007ff856597000 	C:\Program Files\Android\Android Studio\jbr\bin\jli.dll
0x00007ff868440000 - 0x00007ff8685ea000 	C:\WINDOWS\System32\USER32.dll
0x00007ff866470000 - 0x00007ff866496000 	C:\WINDOWS\System32\win32u.dll
0x00007ff8676d0000 - 0x00007ff8676f9000 	C:\WINDOWS\System32\GDI32.dll
0x00007ff866b20000 - 0x00007ff866c39000 	C:\WINDOWS\System32\gdi32full.dll
0x00007ff866c40000 - 0x00007ff866cda000 	C:\WINDOWS\System32\msvcp_win.dll
0x00007ff865740000 - 0x00007ff8659ce000 	C:\WINDOWS\WinSxS\amd64_microsoft.windows.common-controls_6595b64144ccf1df_6.0.22621.1635_none_270f70857386168e\COMCTL32.dll
0x00007ff868150000 - 0x00007ff8681f7000 	C:\WINDOWS\System32\msvcrt.dll
0x00007ff868320000 - 0x00007ff868351000 	C:\WINDOWS\System32\IMM32.DLL
0x00007ff856570000 - 0x00007ff85657c000 	C:\Program Files\Android\Android Studio\jbr\bin\vcruntime140_1.dll
0x00007ff81d700000 - 0x00007ff81d78d000 	C:\Program Files\Android\Android Studio\jbr\bin\msvcp140.dll
0x00007fffdadf0000 - 0x00007fffdba5e000 	C:\Program Files\Android\Android Studio\jbr\bin\server\jvm.dll
0x00007ff868d80000 - 0x00007ff868e2e000 	C:\WINDOWS\System32\ADVAPI32.dll
0x00007ff867b90000 - 0x00007ff867c34000 	C:\WINDOWS\System32\sechost.dll
0x00007ff868200000 - 0x00007ff868317000 	C:\WINDOWS\System32\RPCRT4.dll
0x00007ff85de60000 - 0x00007ff85de94000 	C:\WINDOWS\SYSTEM32\WINMM.dll
0x00007ff85c850000 - 0x00007ff85c85a000 	C:\WINDOWS\SYSTEM32\VERSION.dll
0x00007ff846df0000 - 0x00007ff846df9000 	C:\WINDOWS\SYSTEM32\WSOCK32.dll
0x00007ff867650000 - 0x00007ff8676c1000 	C:\WINDOWS\System32\WS2_32.dll
0x00007ff864d60000 - 0x00007ff864d78000 	C:\WINDOWS\SYSTEM32\kernel.appcore.dll
0x00007ff860bd0000 - 0x00007ff860bda000 	C:\Program Files\Android\Android Studio\jbr\bin\jimage.dll
0x00007ff865d00000 - 0x00007ff865f2e000 	C:\WINDOWS\SYSTEM32\DBGHELP.DLL
0x00007ff867cc0000 - 0x00007ff868049000 	C:\WINDOWS\System32\combase.dll
0x00007ff868e30000 - 0x00007ff868f07000 	C:\WINDOWS\System32\OLEAUT32.dll
0x00007ff865bc0000 - 0x00007ff865bf2000 	C:\WINDOWS\SYSTEM32\dbgcore.DLL
0x00007ff866560000 - 0x00007ff8665da000 	C:\WINDOWS\System32\bcryptPrimitives.dll
0x00007ff85fc30000 - 0x00007ff85fc55000 	C:\Program Files\Android\Android Studio\jbr\bin\java.dll
0x00007ff85fa60000 - 0x00007ff85fa78000 	C:\Program Files\Android\Android Studio\jbr\bin\zip.dll
0x00007ff866e50000 - 0x00007ff867649000 	C:\WINDOWS\System32\SHELL32.dll
0x00007ff8639f0000 - 0x00007ff8642be000 	C:\WINDOWS\SYSTEM32\windows.storage.dll
0x00007ff8638b0000 - 0x00007ff8639ee000 	C:\WINDOWS\SYSTEM32\wintypes.dll
0x00007ff868050000 - 0x00007ff868141000 	C:\WINDOWS\System32\SHCORE.dll
0x00007ff868f80000 - 0x00007ff868fde000 	C:\WINDOWS\System32\shlwapi.dll
0x00007ff8663a0000 - 0x00007ff8663c6000 	C:\WINDOWS\SYSTEM32\profapi.dll
0x00007ff85fa40000 - 0x00007ff85fa59000 	C:\Program Files\Android\Android Studio\jbr\bin\net.dll
0x00007ff85ea20000 - 0x00007ff85eb57000 	C:\WINDOWS\SYSTEM32\WINHTTP.dll
0x00007ff8651f0000 - 0x00007ff865259000 	C:\WINDOWS\system32\mswsock.dll
0x00007ff8567f0000 - 0x00007ff856806000 	C:\Program Files\Android\Android Studio\jbr\bin\nio.dll
0x00007ff860b40000 - 0x00007ff860b50000 	C:\Program Files\Android\Android Studio\jbr\bin\verify.dll
0x00007ff81d6d0000 - 0x00007ff81d6f7000 	C:\Users\tajba\.gradle\native\68d5fa5c4cc2d200863cafc0d521ce42e7d3e7ee720ec0a83991735586a16f82\windows-amd64\native-platform.dll
0x00007ff80c9d0000 - 0x00007ff80cb14000 	C:\Users\tajba\.gradle\native\e376f236ea51e6404a007f0833ffe2c6e607c4080706a723a18a27aeea778392\windows-amd64\native-platform-file-events.dll
0x00007ff860aa0000 - 0x00007ff860aa9000 	C:\Program Files\Android\Android Studio\jbr\bin\management.dll
0x00007ff85fd50000 - 0x00007ff85fd5b000 	C:\Program Files\Android\Android Studio\jbr\bin\management_ext.dll
0x00007ff868f10000 - 0x00007ff868f18000 	C:\WINDOWS\System32\PSAPI.DLL
0x00007ff866020000 - 0x00007ff86603b000 	C:\WINDOWS\SYSTEM32\CRYPTSP.dll
0x00007ff864bc0000 - 0x00007ff864bf5000 	C:\WINDOWS\system32\rsaenh.dll
0x00007ff8652b0000 - 0x00007ff8652dc000 	C:\WINDOWS\SYSTEM32\USERENV.dll
0x00007ff865c00000 - 0x00007ff865c28000 	C:\WINDOWS\SYSTEM32\bcrypt.dll
0x00007ff865420000 - 0x00007ff86542c000 	C:\WINDOWS\SYSTEM32\CRYPTBASE.dll
0x00007ff864720000 - 0x00007ff86474d000 	C:\WINDOWS\SYSTEM32\IPHLPAPI.DLL
0x00007ff867700000 - 0x00007ff867709000 	C:\WINDOWS\System32\NSI.dll
0x00007ff85e4d0000 - 0x00007ff85e4e9000 	C:\WINDOWS\SYSTEM32\dhcpcsvc6.DLL
0x00007ff85e4b0000 - 0x00007ff85e4cf000 	C:\WINDOWS\SYSTEM32\dhcpcsvc.DLL
0x00007ff864750000 - 0x00007ff864843000 	C:\WINDOWS\SYSTEM32\DNSAPI.dll
0x00007ff836a20000 - 0x00007ff836a28000 	C:\WINDOWS\system32\wshunix.dll
0x00007ff858710000 - 0x00007ff85871a000 	C:\Windows\System32\rasadhlp.dll
0x00007ff85cc80000 - 0x00007ff85cd04000 	C:\WINDOWS\System32\fwpuclnt.dll

dbghelp: loaded successfully - version: 4.0.5 - missing functions: none
symbol engine: initialized successfully - sym options: 0x614 - pdb path: .;C:\Program Files\Android\Android Studio\jbr\bin;C:\WINDOWS\SYSTEM32;C:\WINDOWS\WinSxS\amd64_microsoft.windows.common-controls_6595b64144ccf1df_6.0.22621.1635_none_270f70857386168e;C:\Program Files\Android\Android Studio\jbr\bin\server;C:\Users\tajba\.gradle\native\68d5fa5c4cc2d200863cafc0d521ce42e7d3e7ee720ec0a83991735586a16f82\windows-amd64;C:\Users\tajba\.gradle\native\e376f236ea51e6404a007f0833ffe2c6e607c4080706a723a18a27aeea778392\windows-amd64

VM Arguments:
jvm_args: --add-opens=java.base/java.util=ALL-UNNAMED --add-opens=java.base/java.lang=ALL-UNNAMED --add-opens=java.base/java.lang.invoke=ALL-UNNAMED --add-opens=java.prefs/java.util.prefs=ALL-UNNAMED --add-opens=java.base/java.nio.charset=ALL-UNNAMED --add-opens=java.base/java.net=ALL-UNNAMED --add-opens=java.base/java.util.concurrent.atomic=ALL-UNNAMED -Xmx2048m -Dfile.encoding=UTF-8 -Duser.country=IN -Duser.language=en -Duser.variant 
java_command: org.gradle.launcher.daemon.bootstrap.GradleDaemon 8.0
java_class_path (initial): C:\Users\tajba\.gradle\wrapper\dists\gradle-8.0-bin\ca5e32bp14vu59qr306oxotwh\gradle-8.0\lib\gradle-launcher-8.0.jar
Launcher Type: SUN_STANDARD

[Global flags]
     intx CICompilerCount                          = 4                                         {product} {ergonomic}
     uint ConcGCThreads                            = 3                                         {product} {ergonomic}
     uint G1ConcRefinementThreads                  = 10                                        {product} {ergonomic}
   size_t G1HeapRegionSize                         = 1048576                                   {product} {ergonomic}
    uintx GCDrainStackTargetSize                   = 64                                        {product} {ergonomic}
   size_t InitialHeapSize                          = 98566144                                  {product} {ergonomic}
   size_t MarkStackSize                            = 4194304                                   {product} {ergonomic}
   size_t MaxHeapSize                              = 2147483648                                {product} {command line}
   size_t MaxNewSize                               = 1287651328                                {product} {ergonomic}
   size_t MinHeapDeltaBytes                        = 1048576                                   {product} {ergonomic}
   size_t MinHeapSize                              = 8388608                                   {product} {ergonomic}
    uintx NonNMethodCodeHeapSize                   = 5839372                                {pd product} {ergonomic}
    uintx NonProfiledCodeHeapSize                  = 122909434                              {pd product} {ergonomic}
    uintx ProfiledCodeHeapSize                     = 122909434                              {pd product} {ergonomic}
    uintx ReservedCodeCacheSize                    = 251658240                              {pd product} {ergonomic}
     bool SegmentedCodeCache                       = true                                      {product} {ergonomic}
   size_t SoftMaxHeapSize                          = 2147483648                             {manageable} {ergonomic}
     bool UseCompressedClassPointers               = true                           {product lp64_product} {ergonomic}
     bool UseCompressedOops                        = true                           {product lp64_product} {ergonomic}
     bool UseG1GC                                  = true                                      {product} {ergonomic}
     bool UseLargePagesIndividualAllocation        = false                                  {pd product} {ergonomic}

Logging:
Log output configuration:
 #0: stdout all=warning uptime,level,tags
 #1: stderr all=off uptime,level,tags

Environment Variables:
JAVA_HOME=C:\Program Files\Microsoft\jdk-11.0.18.10-hotspot\
PATH=C:\app\tajba\product\21c\dbhomeXE\bin;C:\Program Files\Microsoft\jdk-11.0.18.10-hotspot\bin;C:\Ruby32-x64\bin;C:\Program Files\Common Files\Oracle\Java\javapath;C:\Windows\system32;C:\Windows;C:\Windows\System32\Wbem;C:\Windows\System32\WindowsPowerShell\v1.0\;C:\Windows\System32\OpenSSH\;C:\Program Files (x86)\NVIDIA Corporation\PhysX\Common;C:\MinGW\bin;C:\Program Files\Java\jdk-18.0.1.1\bin;C:\Program Files\NVIDIA Corporation\NVIDIA NvDLISR;C:\Program Files\Git\cmd;C:\Program Files\dotnet\;C:\WINDOWS\system32;C:\WINDOWS;C:\WINDOWS\System32\Wbem;C:\WINDOWS\System32\WindowsPowerShell\v1.0\;C:\WINDOWS\System32\OpenSSH\;C:\Program Files\MongoDB\Server\6.0\bin;C:\Users\tajba\AppData\Roaming\nvm;C:\Program Files\nodejs;C:\ProgramData\chocolatey\bin;C:\Users\tajba\AppData\Local\Programs\Python\Python311\Scripts\;C:\Users\tajba\AppData\Local\Programs\Python\Python311\;C:\Users\tajba\AppData\Local\Microsoft\WindowsApps;C:\Program Files\JetBrains\IntelliJ IDEA Community Edition 2022.1.2\bin;C:\Users\tajba\AppData\Local\GitHubDesktop\bin;C:\Users\tajba\AppData\Lo;C:\Program Files (x86)\Yarn\bin\;C:\Program Files\nodejs\;C:\Users\tajba\OneDrive\Documents\flutterDev\flutter\bin;C:\Program Files\MongoDB\Tools\100\bin;C:\Users\tajba\.local\share\solana\install\active_release\bin;C:\app\tajba\product\21c\dbhomeXE\bin;C:\Program Files\Microsoft\jdk-11.0.18.10-hotspot\bin;C:\Ruby32-x64\bin;C:\Program Files\Common Files\Oracle\Java\javapath;C:\Windows\system32;C:\Windows;C:\Windows\System32\Wbem;C:\Windows\System32\WindowsPowerShell\v1.0\;C:\Windows\System32\OpenSSH\;C:\Program Files (x86)\NVIDIA Corporation\PhysX\Common;C:\MinGW\bin;C:\Program Files\Java\jdk-18.0.1.1\bin;C:\Program Files\NVIDIA Corporation\NVIDIA NvDLISR;C:\Program Files\Git\cmd;C:\Program Files\dotnet\;C:\WINDOWS\system32;C:\WINDOWS;C:\WINDOWS\System32\Wbem;C:\WINDOWS\System32\WindowsPowerShell\v1.0\;C:\WINDOWS\System32\OpenSSH\;C:\Program Files\MongoDB\Server\6.0\bin;C:\Users\tajba\AppData\Roaming\nvm;C:\Progr
USERNAME=tajbaba
OS=Windows_NT
PROCESSOR_IDENTIFIER=AMD64 Family 25 Model 80 Stepping 0, AuthenticAMD
TMP=C:\Users\tajba\AppData\Local\Temp
TEMP=C:\Users\tajba\AppData\Local\Temp


JNI global refs:
JNI global refs: 26, weak refs: 55

JNI global refs memory usage: 843, weak refs: 841


---------------  S Y S T E M  ---------------

OS:
 Windows 11 , 64 bit Build 22621 (10.0.22621.1928)
OS uptime: 5 days 4:57 hours
Hyper-V role detected

CPU: total 12 (initial active 12) (12 cores per cpu, 2 threads per core) family 25 model 80 stepping 0 microcode 0x0, cx8, cmov, fxsr, ht, mmx, 3dnowpref, sse, sse2, sse3, ssse3, sse4a, sse4.1, sse4.2, popcnt, lzcnt, tsc, tscinvbit, avx, avx2, aes, erms, clmul, bmi1, bmi2, adx, sha, fma, vzeroupper, clflush, clflushopt, hv

Memory: 4k page, system-wide physical 5996M (48M free)
TotalPageFile size 24402M (AvailPageFile size 233M)
current process WorkingSet (physical memory assigned to process): 296M, peak: 367M
current process commit charge ("private bytes"): 455M, peak: 755M

vm_info: OpenJDK 64-Bit Server VM (17.0.6+0-b2043.56-10027231) for windows-amd64 JRE (17.0.6+0-b2043.56-10027231), built on Apr 28 2023 00:43:19 by "androidbuild" with MS VC++ 16.10 / 16.11 (VS2019)

END.
